<?xml version="1.0" encoding="UTF-8"?>
<testsuite name="org.zerock.guestbook.service.GuestbookServiceTests" tests="1" skipped="0" failures="0" errors="0" timestamp="2020-12-23T11:45:55" hostname="DESKTOP-6H3A898" time="1.489">
  <properties/>
  <testcase name="testList()" classname="org.zerock.guestbook.service.GuestbookServiceTests" time="1.489"/>
  <system-out><![CDATA[20:45:40.912 [Test worker] DEBUG org.springframework.test.context.BootstrapUtils - Instantiating CacheAwareContextLoaderDelegate from class [org.springframework.test.context.cache.DefaultCacheAwareContextLoaderDelegate]
20:45:40.942 [Test worker] DEBUG org.springframework.test.context.BootstrapUtils - Instantiating BootstrapContext using constructor [public org.springframework.test.context.support.DefaultBootstrapContext(java.lang.Class,org.springframework.test.context.CacheAwareContextLoaderDelegate)]
20:45:41.002 [Test worker] DEBUG org.springframework.test.context.BootstrapUtils - Instantiating TestContextBootstrapper for test class [org.zerock.guestbook.service.GuestbookServiceTests] from class [org.springframework.boot.test.context.SpringBootTestContextBootstrapper]
20:45:41.026 [Test worker] INFO org.springframework.boot.test.context.SpringBootTestContextBootstrapper - Neither @ContextConfiguration nor @ContextHierarchy found for test class [org.zerock.guestbook.service.GuestbookServiceTests], using SpringBootContextLoader
20:45:41.034 [Test worker] DEBUG org.springframework.test.context.support.AbstractContextLoader - Did not detect default resource location for test class [org.zerock.guestbook.service.GuestbookServiceTests]: class path resource [org/zerock/guestbook/service/GuestbookServiceTests-context.xml] does not exist
20:45:41.041 [Test worker] DEBUG org.springframework.test.context.support.AbstractContextLoader - Did not detect default resource location for test class [org.zerock.guestbook.service.GuestbookServiceTests]: class path resource [org/zerock/guestbook/service/GuestbookServiceTestsContext.groovy] does not exist
20:45:41.043 [Test worker] INFO org.springframework.test.context.support.AbstractContextLoader - Could not detect default resource locations for test class [org.zerock.guestbook.service.GuestbookServiceTests]: no resource found for suffixes {-context.xml, Context.groovy}.
20:45:41.047 [Test worker] INFO org.springframework.test.context.support.AnnotationConfigContextLoaderUtils - Could not detect default configuration classes for test class [org.zerock.guestbook.service.GuestbookServiceTests]: GuestbookServiceTests does not declare any static, non-private, non-final, nested classes annotated with @Configuration.
20:45:41.134 [Test worker] DEBUG org.springframework.test.context.support.ActiveProfilesUtils - Could not find an 'annotation declaring class' for annotation type [org.springframework.test.context.ActiveProfiles] and class [org.zerock.guestbook.service.GuestbookServiceTests]
20:45:41.268 [Test worker] DEBUG org.springframework.context.annotation.ClassPathScanningCandidateComponentProvider - Identified candidate component class: file [C:\Users\pc\Downloads\guestbook\guestbook\build\classes\java\main\org\zerock\guestbook\GuestbookApplication.class]
20:45:41.272 [Test worker] INFO org.springframework.boot.test.context.SpringBootTestContextBootstrapper - Found @SpringBootConfiguration org.zerock.guestbook.GuestbookApplication for test class org.zerock.guestbook.service.GuestbookServiceTests
20:45:41.527 [Test worker] DEBUG org.springframework.boot.test.context.SpringBootTestContextBootstrapper - @TestExecutionListeners is not present for class [org.zerock.guestbook.service.GuestbookServiceTests]: using defaults.
20:45:41.528 [Test worker] INFO org.springframework.boot.test.context.SpringBootTestContextBootstrapper - Loaded default TestExecutionListener class names from location [META-INF/spring.factories]: [org.springframework.boot.test.autoconfigure.restdocs.RestDocsTestExecutionListener, org.springframework.boot.test.autoconfigure.web.client.MockRestServiceServerResetTestExecutionListener, org.springframework.boot.test.autoconfigure.web.servlet.MockMvcPrintOnlyOnFailureTestExecutionListener, org.springframework.boot.test.autoconfigure.web.servlet.WebDriverTestExecutionListener, org.springframework.boot.test.autoconfigure.webservices.client.MockWebServiceServerTestExecutionListener, org.springframework.boot.test.mock.mockito.MockitoTestExecutionListener, org.springframework.boot.test.mock.mockito.ResetMocksTestExecutionListener, org.springframework.test.context.web.ServletTestExecutionListener, org.springframework.test.context.support.DirtiesContextBeforeModesTestExecutionListener, org.springframework.test.context.support.DependencyInjectionTestExecutionListener, org.springframework.test.context.support.DirtiesContextTestExecutionListener, org.springframework.test.context.transaction.TransactionalTestExecutionListener, org.springframework.test.context.jdbc.SqlScriptsTestExecutionListener, org.springframework.test.context.event.EventPublishingTestExecutionListener]
20:45:41.569 [Test worker] INFO org.springframework.boot.test.context.SpringBootTestContextBootstrapper - Using TestExecutionListeners: [org.springframework.test.context.web.ServletTestExecutionListener@12f025c2, org.springframework.test.context.support.DirtiesContextBeforeModesTestExecutionListener@66fcbaf3, org.springframework.boot.test.mock.mockito.MockitoTestExecutionListener@4de17db4, org.springframework.boot.test.autoconfigure.SpringBootDependencyInjectionTestExecutionListener@5538bf7, org.springframework.test.context.support.DirtiesContextTestExecutionListener@169e70aa, org.springframework.test.context.transaction.TransactionalTestExecutionListener@15b66ba8, org.springframework.test.context.jdbc.SqlScriptsTestExecutionListener@537ca877, org.springframework.test.context.event.EventPublishingTestExecutionListener@4a699ddc, org.springframework.boot.test.autoconfigure.restdocs.RestDocsTestExecutionListener@2f17af1b, org.springframework.boot.test.autoconfigure.web.client.MockRestServiceServerResetTestExecutionListener@9da6a7a, org.springframework.boot.test.autoconfigure.web.servlet.MockMvcPrintOnlyOnFailureTestExecutionListener@3f534426, org.springframework.boot.test.autoconfigure.web.servlet.WebDriverTestExecutionListener@39d2a96d, org.springframework.boot.test.autoconfigure.webservices.client.MockWebServiceServerTestExecutionListener@2b2fa63b, org.springframework.boot.test.mock.mockito.ResetMocksTestExecutionListener@717c909e]
20:45:41.578 [Test worker] DEBUG org.springframework.test.context.support.AbstractDirtiesContextTestExecutionListener - Before test class: context [DefaultTestContext@68225dda testClass = GuestbookServiceTests, testInstance = [null], testMethod = [null], testException = [null], mergedContextConfiguration = [WebMergedContextConfiguration@74c6abd5 testClass = GuestbookServiceTests, locations = '{}', classes = '{class org.zerock.guestbook.GuestbookApplication}', contextInitializerClasses = '[]', activeProfiles = '{}', propertySourceLocations = '{}', propertySourceProperties = '{org.springframework.boot.test.context.SpringBootTestContextBootstrapper=true}', contextCustomizers = set[org.springframework.boot.test.autoconfigure.actuate.metrics.MetricsExportContextCustomizerFactory$DisableMetricExportContextCustomizer@277a2297, org.springframework.boot.test.autoconfigure.properties.PropertyMappingContextCustomizer@0, org.springframework.boot.test.autoconfigure.web.servlet.WebDriverContextCustomizerFactory$Customizer@4e160785, org.springframework.boot.test.context.filter.ExcludeFilterContextCustomizer@29cd122e, org.springframework.boot.test.json.DuplicateJsonObjectContextCustomizerFactory$DuplicateJsonObjectContextCustomizer@7969c291, org.springframework.boot.test.mock.mockito.MockitoContextCustomizer@0, org.springframework.boot.test.web.client.TestRestTemplateContextCustomizer@2c0a6ba, org.springframework.boot.test.context.SpringBootTestArgs@1, org.springframework.boot.test.context.SpringBootTestWebEnvironment@3e6de652], resourceBasePath = 'src/main/webapp', contextLoader = 'org.springframework.boot.test.context.SpringBootContextLoader', parent = [null]], attributes = map['org.springframework.test.context.web.ServletTestExecutionListener.activateListener' -> true]], class annotated with @DirtiesContext [false] with mode [null].
20:45:41.644 [Test worker] DEBUG org.springframework.test.context.support.TestPropertySourceUtils - Adding inlined properties to environment: {spring.jmx.enabled=false, org.springframework.boot.test.context.SpringBootTestContextBootstrapper=true}

  .   ____          _            __ _ _
 /\\ / ___'_ __ _ _(_)_ __  __ _ \ \ \ \
( ( )\___ | '_ | '_| | '_ \/ _` | \ \ \ \
 \\/  ___)| |_)| | | | | || (_| |  ) ) ) )
  '  |____| .__|_| |_|_| |_\__, | / / / /
 =========|_|==============|___/=/_/_/_/
 :: Spring Boot ::                (v2.4.1)

2020-12-23 20:45:42.206  INFO 27952 --- [    Test worker] o.z.g.service.GuestbookServiceTests      : Starting GuestbookServiceTests using Java 14.0.1 on DESKTOP-6H3A898 with PID 27952 (started by pc in C:\Users\pc\Downloads\guestbook\guestbook)
2020-12-23 20:45:42.210  INFO 27952 --- [    Test worker] o.z.g.service.GuestbookServiceTests      : No active profile set, falling back to default profiles: default
2020-12-23 20:45:44.180  INFO 27952 --- [    Test worker] .s.d.r.c.RepositoryConfigurationDelegate : Bootstrapping Spring Data JPA repositories in DEFAULT mode.
2020-12-23 20:45:44.431  INFO 27952 --- [    Test worker] .s.d.r.c.RepositoryConfigurationDelegate : Finished Spring Data repository scanning in 226 ms. Found 1 JPA repository interfaces.
2020-12-23 20:45:46.672  INFO 27952 --- [    Test worker] o.hibernate.jpa.internal.util.LogHelper  : HHH000204: Processing PersistenceUnitInfo [name: default]
2020-12-23 20:45:47.007  INFO 27952 --- [    Test worker] org.hibernate.Version                    : HHH000412: Hibernate ORM core version 5.4.25.Final
2020-12-23 20:45:47.723  INFO 27952 --- [    Test worker] o.hibernate.annotations.common.Version   : HCANN000001: Hibernate Commons Annotations {5.1.2.Final}
2020-12-23 20:45:48.259  INFO 27952 --- [    Test worker] com.zaxxer.hikari.HikariDataSource       : HikariPool-1 - Starting...
2020-12-23 20:45:48.455  INFO 27952 --- [    Test worker] com.zaxxer.hikari.HikariDataSource       : HikariPool-1 - Start completed.
2020-12-23 20:45:48.558  INFO 27952 --- [    Test worker] org.hibernate.dialect.Dialect            : HHH000400: Using dialect: org.hibernate.dialect.MariaDB103Dialect
2020-12-23 20:45:50.957  INFO 27952 --- [    Test worker] o.h.e.t.j.p.i.JtaPlatformInitiator       : HHH000490: Using JtaPlatform implementation: [org.hibernate.engine.transaction.jta.platform.internal.NoJtaPlatform]
2020-12-23 20:45:50.989  INFO 27952 --- [    Test worker] j.LocalContainerEntityManagerFactoryBean : Initialized JPA EntityManagerFactory for persistence unit 'default'
2020-12-23 20:45:53.257  WARN 27952 --- [    Test worker] JpaBaseConfiguration$JpaWebConfiguration : spring.jpa.open-in-view is enabled by default. Therefore, database queries may be performed during view rendering. Explicitly configure spring.jpa.open-in-view to disable this warning
2020-12-23 20:45:54.188  INFO 27952 --- [    Test worker] o.s.s.concurrent.ThreadPoolTaskExecutor  : Initializing ExecutorService 'applicationTaskExecutor'
2020-12-23 20:45:54.628  INFO 27952 --- [    Test worker] o.s.b.a.w.s.WelcomePageHandlerMapping    : Adding welcome page: class path resource [static/index.html]
2020-12-23 20:45:55.927  INFO 27952 --- [    Test worker] o.z.g.service.GuestbookServiceTests      : Started GuestbookServiceTests in 14.265 seconds (JVM running for 17.245)
Hibernate: 
    select
        guestbook0_.gno as gno1_0_,
        guestbook0_.moddate as moddate2_0_,
        guestbook0_.regdate as regdate3_0_,
        guestbook0_.content as content4_0_,
        guestbook0_.title as title5_0_,
        guestbook0_.writer as writer6_0_ 
    from
        guest_book guestbook0_ 
    order by
        guestbook0_.gno desc limit ?
Hibernate: 
    select
        count(guestbook0_.gno) as col_0_0_ 
    from
        guest_book guestbook0_
PREV: false
NEXT: true
TOTAL: 31
----------------------
GuestbookDTO(gno=301, title=Sample Title..., content=Sample Content..., writer=user0, regDate=2020-12-23T02:15:54.332992, modDate=2020-12-23T02:15:54.332992)
GuestbookDTO(gno=300, title=Changed Title..., content=Changed Content..., writer=user0, regDate=2020-12-22T22:25:43.991405, modDate=2020-12-22T22:30:40.179747)
GuestbookDTO(gno=299, title=Title...299, content=Content...299, writer=user9, regDate=2020-12-22T22:25:43.988406, modDate=2020-12-22T22:25:43.988406)
GuestbookDTO(gno=298, title=Title...298, content=Content...298, writer=user8, regDate=2020-12-22T22:25:43.985405, modDate=2020-12-22T22:25:43.985405)
GuestbookDTO(gno=297, title=Title...297, content=Content...297, writer=user7, regDate=2020-12-22T22:25:43.982405, modDate=2020-12-22T22:25:43.982405)
GuestbookDTO(gno=296, title=Title...296, content=Content...296, writer=user6, regDate=2020-12-22T22:25:43.979404, modDate=2020-12-22T22:25:43.979404)
GuestbookDTO(gno=295, title=Title...295, content=Content...295, writer=user5, regDate=2020-12-22T22:25:43.976407, modDate=2020-12-22T22:25:43.976407)
GuestbookDTO(gno=294, title=Title...294, content=Content...294, writer=user4, regDate=2020-12-22T22:25:43.973406, modDate=2020-12-22T22:25:43.973406)
GuestbookDTO(gno=293, title=Title...293, content=Content...293, writer=user3, regDate=2020-12-22T22:25:43.970404, modDate=2020-12-22T22:25:43.970404)
GuestbookDTO(gno=292, title=Title...292, content=Content...292, writer=user2, regDate=2020-12-22T22:25:43.967402, modDate=2020-12-22T22:25:43.967402)
=======================
1
2
3
4
5
6
7
8
9
10
]]></system-out>
  <system-err><![CDATA[]]></system-err>
</testsuite>
