<?xml version="1.0" encoding="UTF-8"?>
<testsuite name="org.zerock.ex2.repository.MemoRepositoryTests" tests="1" skipped="0" failures="0" errors="0" timestamp="2020-12-21T11:27:32" hostname="DESKTOP-6H3A898" time="0.998">
  <properties/>
  <testcase name="testDeleteQueryMethods()" classname="org.zerock.ex2.repository.MemoRepositoryTests" time="0.998"/>
  <system-out><![CDATA[20:27:22.035 [Test worker] DEBUG org.springframework.test.context.BootstrapUtils - Instantiating CacheAwareContextLoaderDelegate from class [org.springframework.test.context.cache.DefaultCacheAwareContextLoaderDelegate]
20:27:22.062 [Test worker] DEBUG org.springframework.test.context.BootstrapUtils - Instantiating BootstrapContext using constructor [public org.springframework.test.context.support.DefaultBootstrapContext(java.lang.Class,org.springframework.test.context.CacheAwareContextLoaderDelegate)]
20:27:22.124 [Test worker] DEBUG org.springframework.test.context.BootstrapUtils - Instantiating TestContextBootstrapper for test class [org.zerock.ex2.repository.MemoRepositoryTests] from class [org.springframework.boot.test.context.SpringBootTestContextBootstrapper]
20:27:22.146 [Test worker] INFO org.springframework.boot.test.context.SpringBootTestContextBootstrapper - Neither @ContextConfiguration nor @ContextHierarchy found for test class [org.zerock.ex2.repository.MemoRepositoryTests], using SpringBootContextLoader
20:27:22.156 [Test worker] DEBUG org.springframework.test.context.support.AbstractContextLoader - Did not detect default resource location for test class [org.zerock.ex2.repository.MemoRepositoryTests]: class path resource [org/zerock/ex2/repository/MemoRepositoryTests-context.xml] does not exist
20:27:22.158 [Test worker] DEBUG org.springframework.test.context.support.AbstractContextLoader - Did not detect default resource location for test class [org.zerock.ex2.repository.MemoRepositoryTests]: class path resource [org/zerock/ex2/repository/MemoRepositoryTestsContext.groovy] does not exist
20:27:22.158 [Test worker] INFO org.springframework.test.context.support.AbstractContextLoader - Could not detect default resource locations for test class [org.zerock.ex2.repository.MemoRepositoryTests]: no resource found for suffixes {-context.xml, Context.groovy}.
20:27:22.160 [Test worker] INFO org.springframework.test.context.support.AnnotationConfigContextLoaderUtils - Could not detect default configuration classes for test class [org.zerock.ex2.repository.MemoRepositoryTests]: MemoRepositoryTests does not declare any static, non-private, non-final, nested classes annotated with @Configuration.
20:27:22.276 [Test worker] DEBUG org.springframework.test.context.support.ActiveProfilesUtils - Could not find an 'annotation declaring class' for annotation type [org.springframework.test.context.ActiveProfiles] and class [org.zerock.ex2.repository.MemoRepositoryTests]
20:27:22.476 [Test worker] DEBUG org.springframework.context.annotation.ClassPathScanningCandidateComponentProvider - Identified candidate component class: file [C:\Users\pc\Downloads\ex2\ex2\build\classes\java\main\org\zerock\ex2\Ex2Application.class]
20:27:22.482 [Test worker] INFO org.springframework.boot.test.context.SpringBootTestContextBootstrapper - Found @SpringBootConfiguration org.zerock.ex2.Ex2Application for test class org.zerock.ex2.repository.MemoRepositoryTests
20:27:22.748 [Test worker] DEBUG org.springframework.boot.test.context.SpringBootTestContextBootstrapper - @TestExecutionListeners is not present for class [org.zerock.ex2.repository.MemoRepositoryTests]: using defaults.
20:27:22.750 [Test worker] INFO org.springframework.boot.test.context.SpringBootTestContextBootstrapper - Loaded default TestExecutionListener class names from location [META-INF/spring.factories]: [org.springframework.boot.test.autoconfigure.restdocs.RestDocsTestExecutionListener, org.springframework.boot.test.autoconfigure.web.client.MockRestServiceServerResetTestExecutionListener, org.springframework.boot.test.autoconfigure.web.servlet.MockMvcPrintOnlyOnFailureTestExecutionListener, org.springframework.boot.test.autoconfigure.web.servlet.WebDriverTestExecutionListener, org.springframework.boot.test.autoconfigure.webservices.client.MockWebServiceServerTestExecutionListener, org.springframework.boot.test.mock.mockito.MockitoTestExecutionListener, org.springframework.boot.test.mock.mockito.ResetMocksTestExecutionListener, org.springframework.test.context.web.ServletTestExecutionListener, org.springframework.test.context.support.DirtiesContextBeforeModesTestExecutionListener, org.springframework.test.context.support.DependencyInjectionTestExecutionListener, org.springframework.test.context.support.DirtiesContextTestExecutionListener, org.springframework.test.context.transaction.TransactionalTestExecutionListener, org.springframework.test.context.jdbc.SqlScriptsTestExecutionListener, org.springframework.test.context.event.EventPublishingTestExecutionListener]
20:27:22.784 [Test worker] INFO org.springframework.boot.test.context.SpringBootTestContextBootstrapper - Using TestExecutionListeners: [org.springframework.test.context.web.ServletTestExecutionListener@3cbeda77, org.springframework.test.context.support.DirtiesContextBeforeModesTestExecutionListener@2836a004, org.springframework.boot.test.mock.mockito.MockitoTestExecutionListener@4c28b2ab, org.springframework.boot.test.autoconfigure.SpringBootDependencyInjectionTestExecutionListener@db40bcc, org.springframework.test.context.support.DirtiesContextTestExecutionListener@4713056f, org.springframework.test.context.transaction.TransactionalTestExecutionListener@5a38ab09, org.springframework.test.context.jdbc.SqlScriptsTestExecutionListener@538ce70f, org.springframework.test.context.event.EventPublishingTestExecutionListener@7ecb7cd9, org.springframework.boot.test.autoconfigure.restdocs.RestDocsTestExecutionListener@21ac3612, org.springframework.boot.test.autoconfigure.web.client.MockRestServiceServerResetTestExecutionListener@3ed3b1cd, org.springframework.boot.test.autoconfigure.web.servlet.MockMvcPrintOnlyOnFailureTestExecutionListener@ad39d87, org.springframework.boot.test.autoconfigure.web.servlet.WebDriverTestExecutionListener@2fdb15b0, org.springframework.boot.test.autoconfigure.webservices.client.MockWebServiceServerTestExecutionListener@6f87baff, org.springframework.boot.test.mock.mockito.ResetMocksTestExecutionListener@4c79231b]
20:27:22.792 [Test worker] DEBUG org.springframework.test.context.support.AbstractDirtiesContextTestExecutionListener - Before test class: context [DefaultTestContext@5e4a5ed2 testClass = MemoRepositoryTests, testInstance = [null], testMethod = [null], testException = [null], mergedContextConfiguration = [WebMergedContextConfiguration@e0398aa testClass = MemoRepositoryTests, locations = '{}', classes = '{class org.zerock.ex2.Ex2Application}', contextInitializerClasses = '[]', activeProfiles = '{}', propertySourceLocations = '{}', propertySourceProperties = '{org.springframework.boot.test.context.SpringBootTestContextBootstrapper=true}', contextCustomizers = set[org.springframework.boot.test.autoconfigure.actuate.metrics.MetricsExportContextCustomizerFactory$DisableMetricExportContextCustomizer@54aa6f56, org.springframework.boot.test.autoconfigure.properties.PropertyMappingContextCustomizer@0, org.springframework.boot.test.autoconfigure.web.servlet.WebDriverContextCustomizerFactory$Customizer@170c73aa, org.springframework.boot.test.context.filter.ExcludeFilterContextCustomizer@2c551f0, org.springframework.boot.test.json.DuplicateJsonObjectContextCustomizerFactory$DuplicateJsonObjectContextCustomizer@1c191b81, org.springframework.boot.test.mock.mockito.MockitoContextCustomizer@0, org.springframework.boot.test.web.client.TestRestTemplateContextCustomizer@68dbd7f0, org.springframework.boot.test.context.SpringBootTestArgs@1, org.springframework.boot.test.context.SpringBootTestWebEnvironment@3313e0b8], resourceBasePath = 'src/main/webapp', contextLoader = 'org.springframework.boot.test.context.SpringBootContextLoader', parent = [null]], attributes = map['org.springframework.test.context.web.ServletTestExecutionListener.activateListener' -> true]], class annotated with @DirtiesContext [false] with mode [null].
20:27:22.867 [Test worker] DEBUG org.springframework.test.context.support.TestPropertySourceUtils - Adding inlined properties to environment: {spring.jmx.enabled=false, org.springframework.boot.test.context.SpringBootTestContextBootstrapper=true}

  .   ____          _            __ _ _
 /\\ / ___'_ __ _ _(_)_ __  __ _ \ \ \ \
( ( )\___ | '_ | '_| | '_ \/ _` | \ \ \ \
 \\/  ___)| |_)| | | | | || (_| |  ) ) ) )
  '  |____| .__|_| |_|_| |_\__, | / / / /
 =========|_|==============|___/=/_/_/_/
 :: Spring Boot ::                (v2.4.1)

2020-12-21 20:27:23.533  INFO 10716 --- [    Test worker] o.z.ex2.repository.MemoRepositoryTests   : Starting MemoRepositoryTests using Java 14.0.1 on DESKTOP-6H3A898 with PID 10716 (started by pc in C:\Users\pc\Downloads\ex2\ex2)
2020-12-21 20:27:23.536  INFO 10716 --- [    Test worker] o.z.ex2.repository.MemoRepositoryTests   : No active profile set, falling back to default profiles: default
2020-12-21 20:27:24.841  INFO 10716 --- [    Test worker] .s.d.r.c.RepositoryConfigurationDelegate : Bootstrapping Spring Data JPA repositories in DEFAULT mode.
2020-12-21 20:27:24.950  INFO 10716 --- [    Test worker] .s.d.r.c.RepositoryConfigurationDelegate : Finished Spring Data repository scanning in 90 ms. Found 1 JPA repository interfaces.
2020-12-21 20:27:26.702  INFO 10716 --- [    Test worker] o.hibernate.jpa.internal.util.LogHelper  : HHH000204: Processing PersistenceUnitInfo [name: default]
2020-12-21 20:27:26.847  INFO 10716 --- [    Test worker] org.hibernate.Version                    : HHH000412: Hibernate ORM core version 5.4.25.Final
2020-12-21 20:27:27.516  INFO 10716 --- [    Test worker] o.hibernate.annotations.common.Version   : HCANN000001: Hibernate Commons Annotations {5.1.2.Final}
2020-12-21 20:27:27.871  INFO 10716 --- [    Test worker] com.zaxxer.hikari.HikariDataSource       : HikariPool-1 - Starting...
2020-12-21 20:27:28.050  INFO 10716 --- [    Test worker] com.zaxxer.hikari.HikariDataSource       : HikariPool-1 - Start completed.
2020-12-21 20:27:28.141  INFO 10716 --- [    Test worker] org.hibernate.dialect.Dialect            : HHH000400: Using dialect: org.hibernate.dialect.MariaDB103Dialect
2020-12-21 20:27:29.555  INFO 10716 --- [    Test worker] o.h.e.t.j.p.i.JtaPlatformInitiator       : HHH000490: Using JtaPlatform implementation: [org.hibernate.engine.transaction.jta.platform.internal.NoJtaPlatform]
2020-12-21 20:27:29.571  INFO 10716 --- [    Test worker] j.LocalContainerEntityManagerFactoryBean : Initialized JPA EntityManagerFactory for persistence unit 'default'
2020-12-21 20:27:30.064  WARN 10716 --- [    Test worker] JpaBaseConfiguration$JpaWebConfiguration : spring.jpa.open-in-view is enabled by default. Therefore, database queries may be performed during view rendering. Explicitly configure spring.jpa.open-in-view to disable this warning
2020-12-21 20:27:30.586  INFO 10716 --- [    Test worker] o.s.s.concurrent.ThreadPoolTaskExecutor  : Initializing ExecutorService 'applicationTaskExecutor'
2020-12-21 20:27:32.247  INFO 10716 --- [    Test worker] o.z.ex2.repository.MemoRepositoryTests   : Started MemoRepositoryTests in 9.364 seconds (JVM running for 12.952)
2020-12-21 20:27:32.313  INFO 10716 --- [    Test worker] o.s.t.c.transaction.TransactionContext   : Began transaction (1) for test context [DefaultTestContext@5e4a5ed2 testClass = MemoRepositoryTests, testInstance = org.zerock.ex2.repository.MemoRepositoryTests@632baedc, testMethod = testDeleteQueryMethods@MemoRepositoryTests, testException = [null], mergedContextConfiguration = [WebMergedContextConfiguration@e0398aa testClass = MemoRepositoryTests, locations = '{}', classes = '{class org.zerock.ex2.Ex2Application}', contextInitializerClasses = '[]', activeProfiles = '{}', propertySourceLocations = '{}', propertySourceProperties = '{org.springframework.boot.test.context.SpringBootTestContextBootstrapper=true}', contextCustomizers = set[org.springframework.boot.test.autoconfigure.actuate.metrics.MetricsExportContextCustomizerFactory$DisableMetricExportContextCustomizer@54aa6f56, org.springframework.boot.test.autoconfigure.properties.PropertyMappingContextCustomizer@0, org.springframework.boot.test.autoconfigure.web.servlet.WebDriverContextCustomizerFactory$Customizer@170c73aa, org.springframework.boot.test.context.filter.ExcludeFilterContextCustomizer@2c551f0, org.springframework.boot.test.json.DuplicateJsonObjectContextCustomizerFactory$DuplicateJsonObjectContextCustomizer@1c191b81, org.springframework.boot.test.mock.mockito.MockitoContextCustomizer@0, org.springframework.boot.test.web.client.TestRestTemplateContextCustomizer@68dbd7f0, org.springframework.boot.test.context.SpringBootTestArgs@1, org.springframework.boot.test.context.SpringBootTestWebEnvironment@3313e0b8], resourceBasePath = 'src/main/webapp', contextLoader = 'org.springframework.boot.test.context.SpringBootContextLoader', parent = [null]], attributes = map['org.springframework.test.context.web.ServletTestExecutionListener.activateListener' -> true, 'org.springframework.test.context.web.ServletTestExecutionListener.populatedRequestContextHolder' -> true, 'org.springframework.test.context.web.ServletTestExecutionListener.resetRequestContextHolder' -> true]]; transaction manager [org.springframework.orm.jpa.JpaTransactionManager@71129d84]; rollback [false]
Hibernate: 
    select
        memo0_.mno as mno1_0_,
        memo0_.memo_text as memo_tex2_0_ 
    from
        tb1_memo memo0_ 
    where
        memo0_.mno<?
Hibernate: 
    delete 
    from
        tb1_memo 
    where
        mno=?
Hibernate: 
    delete 
    from
        tb1_memo 
    where
        mno=?
Hibernate: 
    delete 
    from
        tb1_memo 
    where
        mno=?
Hibernate: 
    delete 
    from
        tb1_memo 
    where
        mno=?
Hibernate: 
    delete 
    from
        tb1_memo 
    where
        mno=?
Hibernate: 
    delete 
    from
        tb1_memo 
    where
        mno=?
Hibernate: 
    delete 
    from
        tb1_memo 
    where
        mno=?
Hibernate: 
    delete 
    from
        tb1_memo 
    where
        mno=?
Hibernate: 
    delete 
    from
        tb1_memo 
    where
        mno=?
2020-12-21 20:27:33.279  INFO 10716 --- [    Test worker] o.s.t.c.transaction.TransactionContext   : Committed transaction for test: [DefaultTestContext@5e4a5ed2 testClass = MemoRepositoryTests, testInstance = org.zerock.ex2.repository.MemoRepositoryTests@632baedc, testMethod = testDeleteQueryMethods@MemoRepositoryTests, testException = [null], mergedContextConfiguration = [WebMergedContextConfiguration@e0398aa testClass = MemoRepositoryTests, locations = '{}', classes = '{class org.zerock.ex2.Ex2Application}', contextInitializerClasses = '[]', activeProfiles = '{}', propertySourceLocations = '{}', propertySourceProperties = '{org.springframework.boot.test.context.SpringBootTestContextBootstrapper=true}', contextCustomizers = set[org.springframework.boot.test.autoconfigure.actuate.metrics.MetricsExportContextCustomizerFactory$DisableMetricExportContextCustomizer@54aa6f56, org.springframework.boot.test.autoconfigure.properties.PropertyMappingContextCustomizer@0, org.springframework.boot.test.autoconfigure.web.servlet.WebDriverContextCustomizerFactory$Customizer@170c73aa, org.springframework.boot.test.context.filter.ExcludeFilterContextCustomizer@2c551f0, org.springframework.boot.test.json.DuplicateJsonObjectContextCustomizerFactory$DuplicateJsonObjectContextCustomizer@1c191b81, org.springframework.boot.test.mock.mockito.MockitoContextCustomizer@0, org.springframework.boot.test.web.client.TestRestTemplateContextCustomizer@68dbd7f0, org.springframework.boot.test.context.SpringBootTestArgs@1, org.springframework.boot.test.context.SpringBootTestWebEnvironment@3313e0b8], resourceBasePath = 'src/main/webapp', contextLoader = 'org.springframework.boot.test.context.SpringBootContextLoader', parent = [null]], attributes = map['org.springframework.test.context.web.ServletTestExecutionListener.activateListener' -> true, 'org.springframework.test.context.web.ServletTestExecutionListener.populatedRequestContextHolder' -> true, 'org.springframework.test.context.web.ServletTestExecutionListener.resetRequestContextHolder' -> true]]
]]></system-out>
  <system-err><![CDATA[]]></system-err>
</testsuite>
