<?xml version="1.0" encoding="UTF-8"?>
<testsuite name="com.example.security.password.ClubMemberTests" tests="1" skipped="0" failures="0" errors="0" timestamp="2021-01-16T17:12:07" hostname="DESKTOP-6H3A898" time="17.072">
  <properties/>
  <testcase name="insertDummies()" classname="com.example.security.password.ClubMemberTests" time="17.072"/>
  <system-out><![CDATA[02:11:54.249 [Test worker] DEBUG org.springframework.test.context.BootstrapUtils - Instantiating CacheAwareContextLoaderDelegate from class [org.springframework.test.context.cache.DefaultCacheAwareContextLoaderDelegate]
02:11:54.388 [Test worker] DEBUG org.springframework.test.context.BootstrapUtils - Instantiating BootstrapContext using constructor [public org.springframework.test.context.support.DefaultBootstrapContext(java.lang.Class,org.springframework.test.context.CacheAwareContextLoaderDelegate)]
02:11:54.525 [Test worker] DEBUG org.springframework.test.context.BootstrapUtils - Instantiating TestContextBootstrapper for test class [com.example.security.password.ClubMemberTests] from class [org.springframework.boot.test.context.SpringBootTestContextBootstrapper]
02:11:54.579 [Test worker] INFO org.springframework.boot.test.context.SpringBootTestContextBootstrapper - Neither @ContextConfiguration nor @ContextHierarchy found for test class [com.example.security.password.ClubMemberTests], using SpringBootContextLoader
02:11:54.598 [Test worker] DEBUG org.springframework.test.context.support.AbstractContextLoader - Did not detect default resource location for test class [com.example.security.password.ClubMemberTests]: class path resource [com/example/security/password/ClubMemberTests-context.xml] does not exist
02:11:54.600 [Test worker] DEBUG org.springframework.test.context.support.AbstractContextLoader - Did not detect default resource location for test class [com.example.security.password.ClubMemberTests]: class path resource [com/example/security/password/ClubMemberTestsContext.groovy] does not exist
02:11:54.601 [Test worker] INFO org.springframework.test.context.support.AbstractContextLoader - Could not detect default resource locations for test class [com.example.security.password.ClubMemberTests]: no resource found for suffixes {-context.xml, Context.groovy}.
02:11:54.604 [Test worker] INFO org.springframework.test.context.support.AnnotationConfigContextLoaderUtils - Could not detect default configuration classes for test class [com.example.security.password.ClubMemberTests]: ClubMemberTests does not declare any static, non-private, non-final, nested classes annotated with @Configuration.
02:11:54.834 [Test worker] DEBUG org.springframework.test.context.support.ActiveProfilesUtils - Could not find an 'annotation declaring class' for annotation type [org.springframework.test.context.ActiveProfiles] and class [com.example.security.password.ClubMemberTests]
02:11:54.986 [Test worker] DEBUG org.springframework.context.annotation.ClassPathScanningCandidateComponentProvider - Identified candidate component class: file [C:\Users\pc\Downloads\security\security\build\classes\java\main\com\example\security\SecurityApplication.class]
02:11:54.991 [Test worker] INFO org.springframework.boot.test.context.SpringBootTestContextBootstrapper - Found @SpringBootConfiguration com.example.security.SecurityApplication for test class com.example.security.password.ClubMemberTests
02:11:55.274 [Test worker] DEBUG org.springframework.boot.test.context.SpringBootTestContextBootstrapper - @TestExecutionListeners is not present for class [com.example.security.password.ClubMemberTests]: using defaults.
02:11:55.275 [Test worker] INFO org.springframework.boot.test.context.SpringBootTestContextBootstrapper - Loaded default TestExecutionListener class names from location [META-INF/spring.factories]: [org.springframework.security.test.context.support.WithSecurityContextTestExecutionListener, org.springframework.security.test.context.support.ReactorContextTestExecutionListener, org.springframework.boot.test.autoconfigure.restdocs.RestDocsTestExecutionListener, org.springframework.boot.test.autoconfigure.web.client.MockRestServiceServerResetTestExecutionListener, org.springframework.boot.test.autoconfigure.web.servlet.MockMvcPrintOnlyOnFailureTestExecutionListener, org.springframework.boot.test.autoconfigure.web.servlet.WebDriverTestExecutionListener, org.springframework.boot.test.autoconfigure.webservices.client.MockWebServiceServerTestExecutionListener, org.springframework.boot.test.mock.mockito.MockitoTestExecutionListener, org.springframework.boot.test.mock.mockito.ResetMocksTestExecutionListener, org.springframework.test.context.web.ServletTestExecutionListener, org.springframework.test.context.support.DirtiesContextBeforeModesTestExecutionListener, org.springframework.test.context.support.DependencyInjectionTestExecutionListener, org.springframework.test.context.support.DirtiesContextTestExecutionListener, org.springframework.test.context.transaction.TransactionalTestExecutionListener, org.springframework.test.context.jdbc.SqlScriptsTestExecutionListener, org.springframework.test.context.event.EventPublishingTestExecutionListener]
02:11:55.336 [Test worker] INFO org.springframework.boot.test.context.SpringBootTestContextBootstrapper - Using TestExecutionListeners: [org.springframework.test.context.web.ServletTestExecutionListener@e2384cf, org.springframework.test.context.support.DirtiesContextBeforeModesTestExecutionListener@38643580, org.springframework.boot.test.mock.mockito.MockitoTestExecutionListener@28b4feee, org.springframework.boot.test.autoconfigure.SpringBootDependencyInjectionTestExecutionListener@16081a31, org.springframework.test.context.support.DirtiesContextTestExecutionListener@41fe1c3, org.springframework.test.context.transaction.TransactionalTestExecutionListener@1dce1cf5, org.springframework.test.context.jdbc.SqlScriptsTestExecutionListener@1282d22c, org.springframework.security.test.context.support.WithSecurityContextTestExecutionListener@440d9bdf, org.springframework.test.context.event.EventPublishingTestExecutionListener@3fe77b64, org.springframework.security.test.context.support.ReactorContextTestExecutionListener@52a3f1d9, org.springframework.boot.test.autoconfigure.restdocs.RestDocsTestExecutionListener@56b44a13, org.springframework.boot.test.autoconfigure.web.client.MockRestServiceServerResetTestExecutionListener@7e4fe079, org.springframework.boot.test.autoconfigure.web.servlet.MockMvcPrintOnlyOnFailureTestExecutionListener@7af7988f, org.springframework.boot.test.autoconfigure.web.servlet.WebDriverTestExecutionListener@37178331, org.springframework.boot.test.autoconfigure.webservices.client.MockWebServiceServerTestExecutionListener@4387a312, org.springframework.boot.test.mock.mockito.ResetMocksTestExecutionListener@424adf33]
02:11:55.343 [Test worker] DEBUG org.springframework.test.context.support.AbstractDirtiesContextTestExecutionListener - Before test class: context [DefaultTestContext@125e914e testClass = ClubMemberTests, testInstance = [null], testMethod = [null], testException = [null], mergedContextConfiguration = [WebMergedContextConfiguration@2db8e697 testClass = ClubMemberTests, locations = '{}', classes = '{class com.example.security.SecurityApplication}', contextInitializerClasses = '[]', activeProfiles = '{}', propertySourceLocations = '{}', propertySourceProperties = '{org.springframework.boot.test.context.SpringBootTestContextBootstrapper=true}', contextCustomizers = set[org.springframework.boot.test.autoconfigure.actuate.metrics.MetricsExportContextCustomizerFactory$DisableMetricExportContextCustomizer@606d9146, org.springframework.boot.test.autoconfigure.properties.PropertyMappingContextCustomizer@0, org.springframework.boot.test.autoconfigure.web.servlet.WebDriverContextCustomizerFactory$Customizer@6460bd44, org.springframework.boot.test.context.filter.ExcludeFilterContextCustomizer@3c6703c8, org.springframework.boot.test.json.DuplicateJsonObjectContextCustomizerFactory$DuplicateJsonObjectContextCustomizer@41122b9e, org.springframework.boot.test.mock.mockito.MockitoContextCustomizer@0, org.springframework.boot.test.web.client.TestRestTemplateContextCustomizer@59055a30, org.springframework.boot.test.context.SpringBootTestArgs@1, org.springframework.boot.test.context.SpringBootTestWebEnvironment@5240b7f9], resourceBasePath = 'src/main/webapp', contextLoader = 'org.springframework.boot.test.context.SpringBootContextLoader', parent = [null]], attributes = map['org.springframework.test.context.web.ServletTestExecutionListener.activateListener' -> true]], class annotated with @DirtiesContext [false] with mode [null].
02:11:55.415 [Test worker] DEBUG org.springframework.test.context.support.TestPropertySourceUtils - Adding inlined properties to environment: {spring.jmx.enabled=false, org.springframework.boot.test.context.SpringBootTestContextBootstrapper=true}

  .   ____          _            __ _ _
 /\\ / ___'_ __ _ _(_)_ __  __ _ \ \ \ \
( ( )\___ | '_ | '_| | '_ \/ _` | \ \ \ \
 \\/  ___)| |_)| | | | | || (_| |  ) ) ) )
  '  |____| .__|_| |_|_| |_\__, | / / / /
 =========|_|==============|___/=/_/_/_/
 :: Spring Boot ::                (v2.4.1)

2021-01-17 02:11:56.327  INFO 24292 --- [    Test worker] c.e.security.password.ClubMemberTests    : Starting ClubMemberTests using Java 14.0.1 on DESKTOP-6H3A898 with PID 24292 (started by pc in C:\Users\pc\Downloads\security\security)
2021-01-17 02:11:56.329 DEBUG 24292 --- [    Test worker] c.e.security.password.ClubMemberTests    : Running with Spring Boot v2.4.1, Spring v5.3.2
2021-01-17 02:11:56.334  INFO 24292 --- [    Test worker] c.e.security.password.ClubMemberTests    : No active profile set, falling back to default profiles: default
2021-01-17 02:11:58.391  INFO 24292 --- [    Test worker] .s.d.r.c.RepositoryConfigurationDelegate : Bootstrapping Spring Data JPA repositories in DEFAULT mode.
2021-01-17 02:11:58.601  INFO 24292 --- [    Test worker] .s.d.r.c.RepositoryConfigurationDelegate : Finished Spring Data repository scanning in 177 ms. Found 1 JPA repository interfaces.
2021-01-17 02:12:00.188  INFO 24292 --- [    Test worker] o.hibernate.jpa.internal.util.LogHelper  : HHH000204: Processing PersistenceUnitInfo [name: default]
2021-01-17 02:12:00.399  INFO 24292 --- [    Test worker] org.hibernate.Version                    : HHH000412: Hibernate ORM core version 5.4.25.Final
2021-01-17 02:12:00.967  INFO 24292 --- [    Test worker] o.hibernate.annotations.common.Version   : HCANN000001: Hibernate Commons Annotations {5.1.2.Final}
2021-01-17 02:12:01.306  INFO 24292 --- [    Test worker] com.zaxxer.hikari.HikariDataSource       : HikariPool-1 - Starting...
2021-01-17 02:12:01.453  INFO 24292 --- [    Test worker] com.zaxxer.hikari.HikariDataSource       : HikariPool-1 - Start completed.
2021-01-17 02:12:01.552  INFO 24292 --- [    Test worker] org.hibernate.dialect.Dialect            : HHH000400: Using dialect: org.hibernate.dialect.MariaDB103Dialect
Hibernate: 
    
    create table club_member (
       email varchar(255) not null,
        moddate datetime(6),
        regdate datetime(6),
        from_social bit not null,
        name varchar(255),
        password varchar(255),
        primary key (email)
    ) engine=InnoDB
Hibernate: 
    
    create table club_member_role_set (
       club_member_email varchar(255) not null,
        role_set integer
    ) engine=InnoDB
Hibernate: 
    
    alter table club_member_role_set 
       add constraint FKbfljk8ybtolixxc88osbodrek 
       foreign key (club_member_email) 
       references club_member (email)
2021-01-17 02:12:03.543  INFO 24292 --- [    Test worker] o.h.e.t.j.p.i.JtaPlatformInitiator       : HHH000490: Using JtaPlatform implementation: [org.hibernate.engine.transaction.jta.platform.internal.NoJtaPlatform]
2021-01-17 02:12:03.582  INFO 24292 --- [    Test worker] j.LocalContainerEntityManagerFactoryBean : Initialized JPA EntityManagerFactory for persistence unit 'default'
2021-01-17 02:12:03.789  WARN 24292 --- [    Test worker] JpaBaseConfiguration$JpaWebConfiguration : spring.jpa.open-in-view is enabled by default. Therefore, database queries may be performed during view rendering. Explicitly configure spring.jpa.open-in-view to disable this warning
2021-01-17 02:12:05.807  INFO 24292 --- [    Test worker] o.s.s.concurrent.ThreadPoolTaskExecutor  : Initializing ExecutorService 'applicationTaskExecutor'
2021-01-17 02:12:07.256 DEBUG 24292 --- [    Test worker] edFilterInvocationSecurityMetadataSource : Adding web access control expression [authenticated] for Ant [pattern='/sample/all']
2021-01-17 02:12:07.259 DEBUG 24292 --- [    Test worker] edFilterInvocationSecurityMetadataSource : Adding web access control expression [hasRole('ROLE_USER')] for Ant [pattern='/sample/member']
2021-01-17 02:12:07.376  INFO 24292 --- [    Test worker] o.s.s.web.DefaultSecurityFilterChain     : Will secure any request with [org.springframework.security.web.context.request.async.WebAsyncManagerIntegrationFilter@70bc6cf9, org.springframework.security.web.context.SecurityContextPersistenceFilter@385edfac, org.springframework.security.web.header.HeaderWriterFilter@3690ad3f, org.springframework.security.web.authentication.logout.LogoutFilter@7dce3dec, org.springframework.security.web.authentication.UsernamePasswordAuthenticationFilter@4dbafa0, org.springframework.security.web.authentication.ui.DefaultLoginPageGeneratingFilter@2b7e1a2c, org.springframework.security.web.authentication.ui.DefaultLogoutPageGeneratingFilter@27c01a50, org.springframework.security.web.savedrequest.RequestCacheAwareFilter@4e041ee6, org.springframework.security.web.servletapi.SecurityContextHolderAwareRequestFilter@5244a43f, org.springframework.security.web.authentication.AnonymousAuthenticationFilter@4a11803a, org.springframework.security.web.session.SessionManagementFilter@5c3ec22e, org.springframework.security.web.access.ExceptionTranslationFilter@4de3988f, org.springframework.security.web.access.intercept.FilterSecurityInterceptor@dd91ccf]
2021-01-17 02:12:07.656  INFO 24292 --- [    Test worker] c.e.security.password.ClubMemberTests    : Started ClubMemberTests in 12.224 seconds (JVM running for 16.153)
Hibernate: 
    select
        clubmember0_.email as email1_0_0_,
        clubmember0_.moddate as moddate2_0_0_,
        clubmember0_.regdate as regdate3_0_0_,
        clubmember0_.from_social as from_soc4_0_0_,
        clubmember0_.name as name5_0_0_,
        clubmember0_.password as password6_0_0_ 
    from
        club_member clubmember0_ 
    where
        clubmember0_.email=?
Hibernate: 
    insert 
    into
        club_member
        (moddate, regdate, from_social, name, password, email) 
    values
        (?, ?, ?, ?, ?, ?)
Hibernate: 
    insert 
    into
        club_member_role_set
        (club_member_email, role_set) 
    values
        (?, ?)
Hibernate: 
    select
        clubmember0_.email as email1_0_0_,
        clubmember0_.moddate as moddate2_0_0_,
        clubmember0_.regdate as regdate3_0_0_,
        clubmember0_.from_social as from_soc4_0_0_,
        clubmember0_.name as name5_0_0_,
        clubmember0_.password as password6_0_0_ 
    from
        club_member clubmember0_ 
    where
        clubmember0_.email=?
Hibernate: 
    insert 
    into
        club_member
        (moddate, regdate, from_social, name, password, email) 
    values
        (?, ?, ?, ?, ?, ?)
Hibernate: 
    insert 
    into
        club_member_role_set
        (club_member_email, role_set) 
    values
        (?, ?)
Hibernate: 
    select
        clubmember0_.email as email1_0_0_,
        clubmember0_.moddate as moddate2_0_0_,
        clubmember0_.regdate as regdate3_0_0_,
        clubmember0_.from_social as from_soc4_0_0_,
        clubmember0_.name as name5_0_0_,
        clubmember0_.password as password6_0_0_ 
    from
        club_member clubmember0_ 
    where
        clubmember0_.email=?
Hibernate: 
    insert 
    into
        club_member
        (moddate, regdate, from_social, name, password, email) 
    values
        (?, ?, ?, ?, ?, ?)
Hibernate: 
    insert 
    into
        club_member_role_set
        (club_member_email, role_set) 
    values
        (?, ?)
Hibernate: 
    select
        clubmember0_.email as email1_0_0_,
        clubmember0_.moddate as moddate2_0_0_,
        clubmember0_.regdate as regdate3_0_0_,
        clubmember0_.from_social as from_soc4_0_0_,
        clubmember0_.name as name5_0_0_,
        clubmember0_.password as password6_0_0_ 
    from
        club_member clubmember0_ 
    where
        clubmember0_.email=?
Hibernate: 
    insert 
    into
        club_member
        (moddate, regdate, from_social, name, password, email) 
    values
        (?, ?, ?, ?, ?, ?)
Hibernate: 
    insert 
    into
        club_member_role_set
        (club_member_email, role_set) 
    values
        (?, ?)
Hibernate: 
    select
        clubmember0_.email as email1_0_0_,
        clubmember0_.moddate as moddate2_0_0_,
        clubmember0_.regdate as regdate3_0_0_,
        clubmember0_.from_social as from_soc4_0_0_,
        clubmember0_.name as name5_0_0_,
        clubmember0_.password as password6_0_0_ 
    from
        club_member clubmember0_ 
    where
        clubmember0_.email=?
Hibernate: 
    insert 
    into
        club_member
        (moddate, regdate, from_social, name, password, email) 
    values
        (?, ?, ?, ?, ?, ?)
Hibernate: 
    insert 
    into
        club_member_role_set
        (club_member_email, role_set) 
    values
        (?, ?)
Hibernate: 
    select
        clubmember0_.email as email1_0_0_,
        clubmember0_.moddate as moddate2_0_0_,
        clubmember0_.regdate as regdate3_0_0_,
        clubmember0_.from_social as from_soc4_0_0_,
        clubmember0_.name as name5_0_0_,
        clubmember0_.password as password6_0_0_ 
    from
        club_member clubmember0_ 
    where
        clubmember0_.email=?
Hibernate: 
    insert 
    into
        club_member
        (moddate, regdate, from_social, name, password, email) 
    values
        (?, ?, ?, ?, ?, ?)
Hibernate: 
    insert 
    into
        club_member_role_set
        (club_member_email, role_set) 
    values
        (?, ?)
Hibernate: 
    select
        clubmember0_.email as email1_0_0_,
        clubmember0_.moddate as moddate2_0_0_,
        clubmember0_.regdate as regdate3_0_0_,
        clubmember0_.from_social as from_soc4_0_0_,
        clubmember0_.name as name5_0_0_,
        clubmember0_.password as password6_0_0_ 
    from
        club_member clubmember0_ 
    where
        clubmember0_.email=?
Hibernate: 
    insert 
    into
        club_member
        (moddate, regdate, from_social, name, password, email) 
    values
        (?, ?, ?, ?, ?, ?)
Hibernate: 
    insert 
    into
        club_member_role_set
        (club_member_email, role_set) 
    values
        (?, ?)
Hibernate: 
    select
        clubmember0_.email as email1_0_0_,
        clubmember0_.moddate as moddate2_0_0_,
        clubmember0_.regdate as regdate3_0_0_,
        clubmember0_.from_social as from_soc4_0_0_,
        clubmember0_.name as name5_0_0_,
        clubmember0_.password as password6_0_0_ 
    from
        club_member clubmember0_ 
    where
        clubmember0_.email=?
Hibernate: 
    insert 
    into
        club_member
        (moddate, regdate, from_social, name, password, email) 
    values
        (?, ?, ?, ?, ?, ?)
Hibernate: 
    insert 
    into
        club_member_role_set
        (club_member_email, role_set) 
    values
        (?, ?)
Hibernate: 
    select
        clubmember0_.email as email1_0_0_,
        clubmember0_.moddate as moddate2_0_0_,
        clubmember0_.regdate as regdate3_0_0_,
        clubmember0_.from_social as from_soc4_0_0_,
        clubmember0_.name as name5_0_0_,
        clubmember0_.password as password6_0_0_ 
    from
        club_member clubmember0_ 
    where
        clubmember0_.email=?
Hibernate: 
    insert 
    into
        club_member
        (moddate, regdate, from_social, name, password, email) 
    values
        (?, ?, ?, ?, ?, ?)
Hibernate: 
    insert 
    into
        club_member_role_set
        (club_member_email, role_set) 
    values
        (?, ?)
Hibernate: 
    select
        clubmember0_.email as email1_0_0_,
        clubmember0_.moddate as moddate2_0_0_,
        clubmember0_.regdate as regdate3_0_0_,
        clubmember0_.from_social as from_soc4_0_0_,
        clubmember0_.name as name5_0_0_,
        clubmember0_.password as password6_0_0_ 
    from
        club_member clubmember0_ 
    where
        clubmember0_.email=?
Hibernate: 
    insert 
    into
        club_member
        (moddate, regdate, from_social, name, password, email) 
    values
        (?, ?, ?, ?, ?, ?)
Hibernate: 
    insert 
    into
        club_member_role_set
        (club_member_email, role_set) 
    values
        (?, ?)
Hibernate: 
    select
        clubmember0_.email as email1_0_0_,
        clubmember0_.moddate as moddate2_0_0_,
        clubmember0_.regdate as regdate3_0_0_,
        clubmember0_.from_social as from_soc4_0_0_,
        clubmember0_.name as name5_0_0_,
        clubmember0_.password as password6_0_0_ 
    from
        club_member clubmember0_ 
    where
        clubmember0_.email=?
Hibernate: 
    insert 
    into
        club_member
        (moddate, regdate, from_social, name, password, email) 
    values
        (?, ?, ?, ?, ?, ?)
Hibernate: 
    insert 
    into
        club_member_role_set
        (club_member_email, role_set) 
    values
        (?, ?)
Hibernate: 
    select
        clubmember0_.email as email1_0_0_,
        clubmember0_.moddate as moddate2_0_0_,
        clubmember0_.regdate as regdate3_0_0_,
        clubmember0_.from_social as from_soc4_0_0_,
        clubmember0_.name as name5_0_0_,
        clubmember0_.password as password6_0_0_ 
    from
        club_member clubmember0_ 
    where
        clubmember0_.email=?
Hibernate: 
    insert 
    into
        club_member
        (moddate, regdate, from_social, name, password, email) 
    values
        (?, ?, ?, ?, ?, ?)
Hibernate: 
    insert 
    into
        club_member_role_set
        (club_member_email, role_set) 
    values
        (?, ?)
Hibernate: 
    select
        clubmember0_.email as email1_0_0_,
        clubmember0_.moddate as moddate2_0_0_,
        clubmember0_.regdate as regdate3_0_0_,
        clubmember0_.from_social as from_soc4_0_0_,
        clubmember0_.name as name5_0_0_,
        clubmember0_.password as password6_0_0_ 
    from
        club_member clubmember0_ 
    where
        clubmember0_.email=?
Hibernate: 
    insert 
    into
        club_member
        (moddate, regdate, from_social, name, password, email) 
    values
        (?, ?, ?, ?, ?, ?)
Hibernate: 
    insert 
    into
        club_member_role_set
        (club_member_email, role_set) 
    values
        (?, ?)
Hibernate: 
    select
        clubmember0_.email as email1_0_0_,
        clubmember0_.moddate as moddate2_0_0_,
        clubmember0_.regdate as regdate3_0_0_,
        clubmember0_.from_social as from_soc4_0_0_,
        clubmember0_.name as name5_0_0_,
        clubmember0_.password as password6_0_0_ 
    from
        club_member clubmember0_ 
    where
        clubmember0_.email=?
Hibernate: 
    insert 
    into
        club_member
        (moddate, regdate, from_social, name, password, email) 
    values
        (?, ?, ?, ?, ?, ?)
Hibernate: 
    insert 
    into
        club_member_role_set
        (club_member_email, role_set) 
    values
        (?, ?)
Hibernate: 
    select
        clubmember0_.email as email1_0_0_,
        clubmember0_.moddate as moddate2_0_0_,
        clubmember0_.regdate as regdate3_0_0_,
        clubmember0_.from_social as from_soc4_0_0_,
        clubmember0_.name as name5_0_0_,
        clubmember0_.password as password6_0_0_ 
    from
        club_member clubmember0_ 
    where
        clubmember0_.email=?
Hibernate: 
    insert 
    into
        club_member
        (moddate, regdate, from_social, name, password, email) 
    values
        (?, ?, ?, ?, ?, ?)
Hibernate: 
    insert 
    into
        club_member_role_set
        (club_member_email, role_set) 
    values
        (?, ?)
Hibernate: 
    select
        clubmember0_.email as email1_0_0_,
        clubmember0_.moddate as moddate2_0_0_,
        clubmember0_.regdate as regdate3_0_0_,
        clubmember0_.from_social as from_soc4_0_0_,
        clubmember0_.name as name5_0_0_,
        clubmember0_.password as password6_0_0_ 
    from
        club_member clubmember0_ 
    where
        clubmember0_.email=?
Hibernate: 
    insert 
    into
        club_member
        (moddate, regdate, from_social, name, password, email) 
    values
        (?, ?, ?, ?, ?, ?)
Hibernate: 
    insert 
    into
        club_member_role_set
        (club_member_email, role_set) 
    values
        (?, ?)
Hibernate: 
    select
        clubmember0_.email as email1_0_0_,
        clubmember0_.moddate as moddate2_0_0_,
        clubmember0_.regdate as regdate3_0_0_,
        clubmember0_.from_social as from_soc4_0_0_,
        clubmember0_.name as name5_0_0_,
        clubmember0_.password as password6_0_0_ 
    from
        club_member clubmember0_ 
    where
        clubmember0_.email=?
Hibernate: 
    insert 
    into
        club_member
        (moddate, regdate, from_social, name, password, email) 
    values
        (?, ?, ?, ?, ?, ?)
Hibernate: 
    insert 
    into
        club_member_role_set
        (club_member_email, role_set) 
    values
        (?, ?)
Hibernate: 
    select
        clubmember0_.email as email1_0_0_,
        clubmember0_.moddate as moddate2_0_0_,
        clubmember0_.regdate as regdate3_0_0_,
        clubmember0_.from_social as from_soc4_0_0_,
        clubmember0_.name as name5_0_0_,
        clubmember0_.password as password6_0_0_ 
    from
        club_member clubmember0_ 
    where
        clubmember0_.email=?
Hibernate: 
    insert 
    into
        club_member
        (moddate, regdate, from_social, name, password, email) 
    values
        (?, ?, ?, ?, ?, ?)
Hibernate: 
    insert 
    into
        club_member_role_set
        (club_member_email, role_set) 
    values
        (?, ?)
Hibernate: 
    select
        clubmember0_.email as email1_0_0_,
        clubmember0_.moddate as moddate2_0_0_,
        clubmember0_.regdate as regdate3_0_0_,
        clubmember0_.from_social as from_soc4_0_0_,
        clubmember0_.name as name5_0_0_,
        clubmember0_.password as password6_0_0_ 
    from
        club_member clubmember0_ 
    where
        clubmember0_.email=?
Hibernate: 
    insert 
    into
        club_member
        (moddate, regdate, from_social, name, password, email) 
    values
        (?, ?, ?, ?, ?, ?)
Hibernate: 
    insert 
    into
        club_member_role_set
        (club_member_email, role_set) 
    values
        (?, ?)
Hibernate: 
    select
        clubmember0_.email as email1_0_0_,
        clubmember0_.moddate as moddate2_0_0_,
        clubmember0_.regdate as regdate3_0_0_,
        clubmember0_.from_social as from_soc4_0_0_,
        clubmember0_.name as name5_0_0_,
        clubmember0_.password as password6_0_0_ 
    from
        club_member clubmember0_ 
    where
        clubmember0_.email=?
Hibernate: 
    insert 
    into
        club_member
        (moddate, regdate, from_social, name, password, email) 
    values
        (?, ?, ?, ?, ?, ?)
Hibernate: 
    insert 
    into
        club_member_role_set
        (club_member_email, role_set) 
    values
        (?, ?)
Hibernate: 
    select
        clubmember0_.email as email1_0_0_,
        clubmember0_.moddate as moddate2_0_0_,
        clubmember0_.regdate as regdate3_0_0_,
        clubmember0_.from_social as from_soc4_0_0_,
        clubmember0_.name as name5_0_0_,
        clubmember0_.password as password6_0_0_ 
    from
        club_member clubmember0_ 
    where
        clubmember0_.email=?
Hibernate: 
    insert 
    into
        club_member
        (moddate, regdate, from_social, name, password, email) 
    values
        (?, ?, ?, ?, ?, ?)
Hibernate: 
    insert 
    into
        club_member_role_set
        (club_member_email, role_set) 
    values
        (?, ?)
Hibernate: 
    select
        clubmember0_.email as email1_0_0_,
        clubmember0_.moddate as moddate2_0_0_,
        clubmember0_.regdate as regdate3_0_0_,
        clubmember0_.from_social as from_soc4_0_0_,
        clubmember0_.name as name5_0_0_,
        clubmember0_.password as password6_0_0_ 
    from
        club_member clubmember0_ 
    where
        clubmember0_.email=?
Hibernate: 
    insert 
    into
        club_member
        (moddate, regdate, from_social, name, password, email) 
    values
        (?, ?, ?, ?, ?, ?)
Hibernate: 
    insert 
    into
        club_member_role_set
        (club_member_email, role_set) 
    values
        (?, ?)
Hibernate: 
    select
        clubmember0_.email as email1_0_0_,
        clubmember0_.moddate as moddate2_0_0_,
        clubmember0_.regdate as regdate3_0_0_,
        clubmember0_.from_social as from_soc4_0_0_,
        clubmember0_.name as name5_0_0_,
        clubmember0_.password as password6_0_0_ 
    from
        club_member clubmember0_ 
    where
        clubmember0_.email=?
Hibernate: 
    insert 
    into
        club_member
        (moddate, regdate, from_social, name, password, email) 
    values
        (?, ?, ?, ?, ?, ?)
Hibernate: 
    insert 
    into
        club_member_role_set
        (club_member_email, role_set) 
    values
        (?, ?)
Hibernate: 
    select
        clubmember0_.email as email1_0_0_,
        clubmember0_.moddate as moddate2_0_0_,
        clubmember0_.regdate as regdate3_0_0_,
        clubmember0_.from_social as from_soc4_0_0_,
        clubmember0_.name as name5_0_0_,
        clubmember0_.password as password6_0_0_ 
    from
        club_member clubmember0_ 
    where
        clubmember0_.email=?
Hibernate: 
    insert 
    into
        club_member
        (moddate, regdate, from_social, name, password, email) 
    values
        (?, ?, ?, ?, ?, ?)
Hibernate: 
    insert 
    into
        club_member_role_set
        (club_member_email, role_set) 
    values
        (?, ?)
Hibernate: 
    select
        clubmember0_.email as email1_0_0_,
        clubmember0_.moddate as moddate2_0_0_,
        clubmember0_.regdate as regdate3_0_0_,
        clubmember0_.from_social as from_soc4_0_0_,
        clubmember0_.name as name5_0_0_,
        clubmember0_.password as password6_0_0_ 
    from
        club_member clubmember0_ 
    where
        clubmember0_.email=?
Hibernate: 
    insert 
    into
        club_member
        (moddate, regdate, from_social, name, password, email) 
    values
        (?, ?, ?, ?, ?, ?)
Hibernate: 
    insert 
    into
        club_member_role_set
        (club_member_email, role_set) 
    values
        (?, ?)
Hibernate: 
    select
        clubmember0_.email as email1_0_0_,
        clubmember0_.moddate as moddate2_0_0_,
        clubmember0_.regdate as regdate3_0_0_,
        clubmember0_.from_social as from_soc4_0_0_,
        clubmember0_.name as name5_0_0_,
        clubmember0_.password as password6_0_0_ 
    from
        club_member clubmember0_ 
    where
        clubmember0_.email=?
Hibernate: 
    insert 
    into
        club_member
        (moddate, regdate, from_social, name, password, email) 
    values
        (?, ?, ?, ?, ?, ?)
Hibernate: 
    insert 
    into
        club_member_role_set
        (club_member_email, role_set) 
    values
        (?, ?)
Hibernate: 
    select
        clubmember0_.email as email1_0_0_,
        clubmember0_.moddate as moddate2_0_0_,
        clubmember0_.regdate as regdate3_0_0_,
        clubmember0_.from_social as from_soc4_0_0_,
        clubmember0_.name as name5_0_0_,
        clubmember0_.password as password6_0_0_ 
    from
        club_member clubmember0_ 
    where
        clubmember0_.email=?
Hibernate: 
    insert 
    into
        club_member
        (moddate, regdate, from_social, name, password, email) 
    values
        (?, ?, ?, ?, ?, ?)
Hibernate: 
    insert 
    into
        club_member_role_set
        (club_member_email, role_set) 
    values
        (?, ?)
Hibernate: 
    select
        clubmember0_.email as email1_0_0_,
        clubmember0_.moddate as moddate2_0_0_,
        clubmember0_.regdate as regdate3_0_0_,
        clubmember0_.from_social as from_soc4_0_0_,
        clubmember0_.name as name5_0_0_,
        clubmember0_.password as password6_0_0_ 
    from
        club_member clubmember0_ 
    where
        clubmember0_.email=?
Hibernate: 
    insert 
    into
        club_member
        (moddate, regdate, from_social, name, password, email) 
    values
        (?, ?, ?, ?, ?, ?)
Hibernate: 
    insert 
    into
        club_member_role_set
        (club_member_email, role_set) 
    values
        (?, ?)
Hibernate: 
    select
        clubmember0_.email as email1_0_0_,
        clubmember0_.moddate as moddate2_0_0_,
        clubmember0_.regdate as regdate3_0_0_,
        clubmember0_.from_social as from_soc4_0_0_,
        clubmember0_.name as name5_0_0_,
        clubmember0_.password as password6_0_0_ 
    from
        club_member clubmember0_ 
    where
        clubmember0_.email=?
Hibernate: 
    insert 
    into
        club_member
        (moddate, regdate, from_social, name, password, email) 
    values
        (?, ?, ?, ?, ?, ?)
Hibernate: 
    insert 
    into
        club_member_role_set
        (club_member_email, role_set) 
    values
        (?, ?)
Hibernate: 
    select
        clubmember0_.email as email1_0_0_,
        clubmember0_.moddate as moddate2_0_0_,
        clubmember0_.regdate as regdate3_0_0_,
        clubmember0_.from_social as from_soc4_0_0_,
        clubmember0_.name as name5_0_0_,
        clubmember0_.password as password6_0_0_ 
    from
        club_member clubmember0_ 
    where
        clubmember0_.email=?
Hibernate: 
    insert 
    into
        club_member
        (moddate, regdate, from_social, name, password, email) 
    values
        (?, ?, ?, ?, ?, ?)
Hibernate: 
    insert 
    into
        club_member_role_set
        (club_member_email, role_set) 
    values
        (?, ?)
Hibernate: 
    select
        clubmember0_.email as email1_0_0_,
        clubmember0_.moddate as moddate2_0_0_,
        clubmember0_.regdate as regdate3_0_0_,
        clubmember0_.from_social as from_soc4_0_0_,
        clubmember0_.name as name5_0_0_,
        clubmember0_.password as password6_0_0_ 
    from
        club_member clubmember0_ 
    where
        clubmember0_.email=?
Hibernate: 
    insert 
    into
        club_member
        (moddate, regdate, from_social, name, password, email) 
    values
        (?, ?, ?, ?, ?, ?)
Hibernate: 
    insert 
    into
        club_member_role_set
        (club_member_email, role_set) 
    values
        (?, ?)
Hibernate: 
    select
        clubmember0_.email as email1_0_0_,
        clubmember0_.moddate as moddate2_0_0_,
        clubmember0_.regdate as regdate3_0_0_,
        clubmember0_.from_social as from_soc4_0_0_,
        clubmember0_.name as name5_0_0_,
        clubmember0_.password as password6_0_0_ 
    from
        club_member clubmember0_ 
    where
        clubmember0_.email=?
Hibernate: 
    insert 
    into
        club_member
        (moddate, regdate, from_social, name, password, email) 
    values
        (?, ?, ?, ?, ?, ?)
Hibernate: 
    insert 
    into
        club_member_role_set
        (club_member_email, role_set) 
    values
        (?, ?)
Hibernate: 
    select
        clubmember0_.email as email1_0_0_,
        clubmember0_.moddate as moddate2_0_0_,
        clubmember0_.regdate as regdate3_0_0_,
        clubmember0_.from_social as from_soc4_0_0_,
        clubmember0_.name as name5_0_0_,
        clubmember0_.password as password6_0_0_ 
    from
        club_member clubmember0_ 
    where
        clubmember0_.email=?
Hibernate: 
    insert 
    into
        club_member
        (moddate, regdate, from_social, name, password, email) 
    values
        (?, ?, ?, ?, ?, ?)
Hibernate: 
    insert 
    into
        club_member_role_set
        (club_member_email, role_set) 
    values
        (?, ?)
Hibernate: 
    select
        clubmember0_.email as email1_0_0_,
        clubmember0_.moddate as moddate2_0_0_,
        clubmember0_.regdate as regdate3_0_0_,
        clubmember0_.from_social as from_soc4_0_0_,
        clubmember0_.name as name5_0_0_,
        clubmember0_.password as password6_0_0_ 
    from
        club_member clubmember0_ 
    where
        clubmember0_.email=?
Hibernate: 
    insert 
    into
        club_member
        (moddate, regdate, from_social, name, password, email) 
    values
        (?, ?, ?, ?, ?, ?)
Hibernate: 
    insert 
    into
        club_member_role_set
        (club_member_email, role_set) 
    values
        (?, ?)
Hibernate: 
    select
        clubmember0_.email as email1_0_0_,
        clubmember0_.moddate as moddate2_0_0_,
        clubmember0_.regdate as regdate3_0_0_,
        clubmember0_.from_social as from_soc4_0_0_,
        clubmember0_.name as name5_0_0_,
        clubmember0_.password as password6_0_0_ 
    from
        club_member clubmember0_ 
    where
        clubmember0_.email=?
Hibernate: 
    insert 
    into
        club_member
        (moddate, regdate, from_social, name, password, email) 
    values
        (?, ?, ?, ?, ?, ?)
Hibernate: 
    insert 
    into
        club_member_role_set
        (club_member_email, role_set) 
    values
        (?, ?)
Hibernate: 
    select
        clubmember0_.email as email1_0_0_,
        clubmember0_.moddate as moddate2_0_0_,
        clubmember0_.regdate as regdate3_0_0_,
        clubmember0_.from_social as from_soc4_0_0_,
        clubmember0_.name as name5_0_0_,
        clubmember0_.password as password6_0_0_ 
    from
        club_member clubmember0_ 
    where
        clubmember0_.email=?
Hibernate: 
    insert 
    into
        club_member
        (moddate, regdate, from_social, name, password, email) 
    values
        (?, ?, ?, ?, ?, ?)
Hibernate: 
    insert 
    into
        club_member_role_set
        (club_member_email, role_set) 
    values
        (?, ?)
Hibernate: 
    select
        clubmember0_.email as email1_0_0_,
        clubmember0_.moddate as moddate2_0_0_,
        clubmember0_.regdate as regdate3_0_0_,
        clubmember0_.from_social as from_soc4_0_0_,
        clubmember0_.name as name5_0_0_,
        clubmember0_.password as password6_0_0_ 
    from
        club_member clubmember0_ 
    where
        clubmember0_.email=?
Hibernate: 
    insert 
    into
        club_member
        (moddate, regdate, from_social, name, password, email) 
    values
        (?, ?, ?, ?, ?, ?)
Hibernate: 
    insert 
    into
        club_member_role_set
        (club_member_email, role_set) 
    values
        (?, ?)
Hibernate: 
    select
        clubmember0_.email as email1_0_0_,
        clubmember0_.moddate as moddate2_0_0_,
        clubmember0_.regdate as regdate3_0_0_,
        clubmember0_.from_social as from_soc4_0_0_,
        clubmember0_.name as name5_0_0_,
        clubmember0_.password as password6_0_0_ 
    from
        club_member clubmember0_ 
    where
        clubmember0_.email=?
Hibernate: 
    insert 
    into
        club_member
        (moddate, regdate, from_social, name, password, email) 
    values
        (?, ?, ?, ?, ?, ?)
Hibernate: 
    insert 
    into
        club_member_role_set
        (club_member_email, role_set) 
    values
        (?, ?)
Hibernate: 
    select
        clubmember0_.email as email1_0_0_,
        clubmember0_.moddate as moddate2_0_0_,
        clubmember0_.regdate as regdate3_0_0_,
        clubmember0_.from_social as from_soc4_0_0_,
        clubmember0_.name as name5_0_0_,
        clubmember0_.password as password6_0_0_ 
    from
        club_member clubmember0_ 
    where
        clubmember0_.email=?
Hibernate: 
    insert 
    into
        club_member
        (moddate, regdate, from_social, name, password, email) 
    values
        (?, ?, ?, ?, ?, ?)
Hibernate: 
    insert 
    into
        club_member_role_set
        (club_member_email, role_set) 
    values
        (?, ?)
Hibernate: 
    select
        clubmember0_.email as email1_0_0_,
        clubmember0_.moddate as moddate2_0_0_,
        clubmember0_.regdate as regdate3_0_0_,
        clubmember0_.from_social as from_soc4_0_0_,
        clubmember0_.name as name5_0_0_,
        clubmember0_.password as password6_0_0_ 
    from
        club_member clubmember0_ 
    where
        clubmember0_.email=?
Hibernate: 
    insert 
    into
        club_member
        (moddate, regdate, from_social, name, password, email) 
    values
        (?, ?, ?, ?, ?, ?)
Hibernate: 
    insert 
    into
        club_member_role_set
        (club_member_email, role_set) 
    values
        (?, ?)
Hibernate: 
    select
        clubmember0_.email as email1_0_0_,
        clubmember0_.moddate as moddate2_0_0_,
        clubmember0_.regdate as regdate3_0_0_,
        clubmember0_.from_social as from_soc4_0_0_,
        clubmember0_.name as name5_0_0_,
        clubmember0_.password as password6_0_0_ 
    from
        club_member clubmember0_ 
    where
        clubmember0_.email=?
Hibernate: 
    insert 
    into
        club_member
        (moddate, regdate, from_social, name, password, email) 
    values
        (?, ?, ?, ?, ?, ?)
Hibernate: 
    insert 
    into
        club_member_role_set
        (club_member_email, role_set) 
    values
        (?, ?)
Hibernate: 
    select
        clubmember0_.email as email1_0_0_,
        clubmember0_.moddate as moddate2_0_0_,
        clubmember0_.regdate as regdate3_0_0_,
        clubmember0_.from_social as from_soc4_0_0_,
        clubmember0_.name as name5_0_0_,
        clubmember0_.password as password6_0_0_ 
    from
        club_member clubmember0_ 
    where
        clubmember0_.email=?
Hibernate: 
    insert 
    into
        club_member
        (moddate, regdate, from_social, name, password, email) 
    values
        (?, ?, ?, ?, ?, ?)
Hibernate: 
    insert 
    into
        club_member_role_set
        (club_member_email, role_set) 
    values
        (?, ?)
Hibernate: 
    select
        clubmember0_.email as email1_0_0_,
        clubmember0_.moddate as moddate2_0_0_,
        clubmember0_.regdate as regdate3_0_0_,
        clubmember0_.from_social as from_soc4_0_0_,
        clubmember0_.name as name5_0_0_,
        clubmember0_.password as password6_0_0_ 
    from
        club_member clubmember0_ 
    where
        clubmember0_.email=?
Hibernate: 
    insert 
    into
        club_member
        (moddate, regdate, from_social, name, password, email) 
    values
        (?, ?, ?, ?, ?, ?)
Hibernate: 
    insert 
    into
        club_member_role_set
        (club_member_email, role_set) 
    values
        (?, ?)
Hibernate: 
    select
        clubmember0_.email as email1_0_0_,
        clubmember0_.moddate as moddate2_0_0_,
        clubmember0_.regdate as regdate3_0_0_,
        clubmember0_.from_social as from_soc4_0_0_,
        clubmember0_.name as name5_0_0_,
        clubmember0_.password as password6_0_0_ 
    from
        club_member clubmember0_ 
    where
        clubmember0_.email=?
Hibernate: 
    insert 
    into
        club_member
        (moddate, regdate, from_social, name, password, email) 
    values
        (?, ?, ?, ?, ?, ?)
Hibernate: 
    insert 
    into
        club_member_role_set
        (club_member_email, role_set) 
    values
        (?, ?)
Hibernate: 
    select
        clubmember0_.email as email1_0_0_,
        clubmember0_.moddate as moddate2_0_0_,
        clubmember0_.regdate as regdate3_0_0_,
        clubmember0_.from_social as from_soc4_0_0_,
        clubmember0_.name as name5_0_0_,
        clubmember0_.password as password6_0_0_ 
    from
        club_member clubmember0_ 
    where
        clubmember0_.email=?
Hibernate: 
    insert 
    into
        club_member
        (moddate, regdate, from_social, name, password, email) 
    values
        (?, ?, ?, ?, ?, ?)
Hibernate: 
    insert 
    into
        club_member_role_set
        (club_member_email, role_set) 
    values
        (?, ?)
Hibernate: 
    select
        clubmember0_.email as email1_0_0_,
        clubmember0_.moddate as moddate2_0_0_,
        clubmember0_.regdate as regdate3_0_0_,
        clubmember0_.from_social as from_soc4_0_0_,
        clubmember0_.name as name5_0_0_,
        clubmember0_.password as password6_0_0_ 
    from
        club_member clubmember0_ 
    where
        clubmember0_.email=?
Hibernate: 
    insert 
    into
        club_member
        (moddate, regdate, from_social, name, password, email) 
    values
        (?, ?, ?, ?, ?, ?)
Hibernate: 
    insert 
    into
        club_member_role_set
        (club_member_email, role_set) 
    values
        (?, ?)
Hibernate: 
    select
        clubmember0_.email as email1_0_0_,
        clubmember0_.moddate as moddate2_0_0_,
        clubmember0_.regdate as regdate3_0_0_,
        clubmember0_.from_social as from_soc4_0_0_,
        clubmember0_.name as name5_0_0_,
        clubmember0_.password as password6_0_0_ 
    from
        club_member clubmember0_ 
    where
        clubmember0_.email=?
Hibernate: 
    insert 
    into
        club_member
        (moddate, regdate, from_social, name, password, email) 
    values
        (?, ?, ?, ?, ?, ?)
Hibernate: 
    insert 
    into
        club_member_role_set
        (club_member_email, role_set) 
    values
        (?, ?)
Hibernate: 
    select
        clubmember0_.email as email1_0_0_,
        clubmember0_.moddate as moddate2_0_0_,
        clubmember0_.regdate as regdate3_0_0_,
        clubmember0_.from_social as from_soc4_0_0_,
        clubmember0_.name as name5_0_0_,
        clubmember0_.password as password6_0_0_ 
    from
        club_member clubmember0_ 
    where
        clubmember0_.email=?
Hibernate: 
    insert 
    into
        club_member
        (moddate, regdate, from_social, name, password, email) 
    values
        (?, ?, ?, ?, ?, ?)
Hibernate: 
    insert 
    into
        club_member_role_set
        (club_member_email, role_set) 
    values
        (?, ?)
Hibernate: 
    select
        clubmember0_.email as email1_0_0_,
        clubmember0_.moddate as moddate2_0_0_,
        clubmember0_.regdate as regdate3_0_0_,
        clubmember0_.from_social as from_soc4_0_0_,
        clubmember0_.name as name5_0_0_,
        clubmember0_.password as password6_0_0_ 
    from
        club_member clubmember0_ 
    where
        clubmember0_.email=?
Hibernate: 
    insert 
    into
        club_member
        (moddate, regdate, from_social, name, password, email) 
    values
        (?, ?, ?, ?, ?, ?)
Hibernate: 
    insert 
    into
        club_member_role_set
        (club_member_email, role_set) 
    values
        (?, ?)
Hibernate: 
    select
        clubmember0_.email as email1_0_0_,
        clubmember0_.moddate as moddate2_0_0_,
        clubmember0_.regdate as regdate3_0_0_,
        clubmember0_.from_social as from_soc4_0_0_,
        clubmember0_.name as name5_0_0_,
        clubmember0_.password as password6_0_0_ 
    from
        club_member clubmember0_ 
    where
        clubmember0_.email=?
Hibernate: 
    insert 
    into
        club_member
        (moddate, regdate, from_social, name, password, email) 
    values
        (?, ?, ?, ?, ?, ?)
Hibernate: 
    insert 
    into
        club_member_role_set
        (club_member_email, role_set) 
    values
        (?, ?)
Hibernate: 
    select
        clubmember0_.email as email1_0_0_,
        clubmember0_.moddate as moddate2_0_0_,
        clubmember0_.regdate as regdate3_0_0_,
        clubmember0_.from_social as from_soc4_0_0_,
        clubmember0_.name as name5_0_0_,
        clubmember0_.password as password6_0_0_ 
    from
        club_member clubmember0_ 
    where
        clubmember0_.email=?
Hibernate: 
    insert 
    into
        club_member
        (moddate, regdate, from_social, name, password, email) 
    values
        (?, ?, ?, ?, ?, ?)
Hibernate: 
    insert 
    into
        club_member_role_set
        (club_member_email, role_set) 
    values
        (?, ?)
Hibernate: 
    select
        clubmember0_.email as email1_0_0_,
        clubmember0_.moddate as moddate2_0_0_,
        clubmember0_.regdate as regdate3_0_0_,
        clubmember0_.from_social as from_soc4_0_0_,
        clubmember0_.name as name5_0_0_,
        clubmember0_.password as password6_0_0_ 
    from
        club_member clubmember0_ 
    where
        clubmember0_.email=?
Hibernate: 
    insert 
    into
        club_member
        (moddate, regdate, from_social, name, password, email) 
    values
        (?, ?, ?, ?, ?, ?)
Hibernate: 
    insert 
    into
        club_member_role_set
        (club_member_email, role_set) 
    values
        (?, ?)
Hibernate: 
    select
        clubmember0_.email as email1_0_0_,
        clubmember0_.moddate as moddate2_0_0_,
        clubmember0_.regdate as regdate3_0_0_,
        clubmember0_.from_social as from_soc4_0_0_,
        clubmember0_.name as name5_0_0_,
        clubmember0_.password as password6_0_0_ 
    from
        club_member clubmember0_ 
    where
        clubmember0_.email=?
Hibernate: 
    insert 
    into
        club_member
        (moddate, regdate, from_social, name, password, email) 
    values
        (?, ?, ?, ?, ?, ?)
Hibernate: 
    insert 
    into
        club_member_role_set
        (club_member_email, role_set) 
    values
        (?, ?)
Hibernate: 
    select
        clubmember0_.email as email1_0_0_,
        clubmember0_.moddate as moddate2_0_0_,
        clubmember0_.regdate as regdate3_0_0_,
        clubmember0_.from_social as from_soc4_0_0_,
        clubmember0_.name as name5_0_0_,
        clubmember0_.password as password6_0_0_ 
    from
        club_member clubmember0_ 
    where
        clubmember0_.email=?
Hibernate: 
    insert 
    into
        club_member
        (moddate, regdate, from_social, name, password, email) 
    values
        (?, ?, ?, ?, ?, ?)
Hibernate: 
    insert 
    into
        club_member_role_set
        (club_member_email, role_set) 
    values
        (?, ?)
Hibernate: 
    select
        clubmember0_.email as email1_0_0_,
        clubmember0_.moddate as moddate2_0_0_,
        clubmember0_.regdate as regdate3_0_0_,
        clubmember0_.from_social as from_soc4_0_0_,
        clubmember0_.name as name5_0_0_,
        clubmember0_.password as password6_0_0_ 
    from
        club_member clubmember0_ 
    where
        clubmember0_.email=?
Hibernate: 
    insert 
    into
        club_member
        (moddate, regdate, from_social, name, password, email) 
    values
        (?, ?, ?, ?, ?, ?)
Hibernate: 
    insert 
    into
        club_member_role_set
        (club_member_email, role_set) 
    values
        (?, ?)
Hibernate: 
    select
        clubmember0_.email as email1_0_0_,
        clubmember0_.moddate as moddate2_0_0_,
        clubmember0_.regdate as regdate3_0_0_,
        clubmember0_.from_social as from_soc4_0_0_,
        clubmember0_.name as name5_0_0_,
        clubmember0_.password as password6_0_0_ 
    from
        club_member clubmember0_ 
    where
        clubmember0_.email=?
Hibernate: 
    insert 
    into
        club_member
        (moddate, regdate, from_social, name, password, email) 
    values
        (?, ?, ?, ?, ?, ?)
Hibernate: 
    insert 
    into
        club_member_role_set
        (club_member_email, role_set) 
    values
        (?, ?)
Hibernate: 
    select
        clubmember0_.email as email1_0_0_,
        clubmember0_.moddate as moddate2_0_0_,
        clubmember0_.regdate as regdate3_0_0_,
        clubmember0_.from_social as from_soc4_0_0_,
        clubmember0_.name as name5_0_0_,
        clubmember0_.password as password6_0_0_ 
    from
        club_member clubmember0_ 
    where
        clubmember0_.email=?
Hibernate: 
    insert 
    into
        club_member
        (moddate, regdate, from_social, name, password, email) 
    values
        (?, ?, ?, ?, ?, ?)
Hibernate: 
    insert 
    into
        club_member_role_set
        (club_member_email, role_set) 
    values
        (?, ?)
Hibernate: 
    select
        clubmember0_.email as email1_0_0_,
        clubmember0_.moddate as moddate2_0_0_,
        clubmember0_.regdate as regdate3_0_0_,
        clubmember0_.from_social as from_soc4_0_0_,
        clubmember0_.name as name5_0_0_,
        clubmember0_.password as password6_0_0_ 
    from
        club_member clubmember0_ 
    where
        clubmember0_.email=?
Hibernate: 
    insert 
    into
        club_member
        (moddate, regdate, from_social, name, password, email) 
    values
        (?, ?, ?, ?, ?, ?)
Hibernate: 
    insert 
    into
        club_member_role_set
        (club_member_email, role_set) 
    values
        (?, ?)
Hibernate: 
    select
        clubmember0_.email as email1_0_0_,
        clubmember0_.moddate as moddate2_0_0_,
        clubmember0_.regdate as regdate3_0_0_,
        clubmember0_.from_social as from_soc4_0_0_,
        clubmember0_.name as name5_0_0_,
        clubmember0_.password as password6_0_0_ 
    from
        club_member clubmember0_ 
    where
        clubmember0_.email=?
Hibernate: 
    insert 
    into
        club_member
        (moddate, regdate, from_social, name, password, email) 
    values
        (?, ?, ?, ?, ?, ?)
Hibernate: 
    insert 
    into
        club_member_role_set
        (club_member_email, role_set) 
    values
        (?, ?)
Hibernate: 
    select
        clubmember0_.email as email1_0_0_,
        clubmember0_.moddate as moddate2_0_0_,
        clubmember0_.regdate as regdate3_0_0_,
        clubmember0_.from_social as from_soc4_0_0_,
        clubmember0_.name as name5_0_0_,
        clubmember0_.password as password6_0_0_ 
    from
        club_member clubmember0_ 
    where
        clubmember0_.email=?
Hibernate: 
    insert 
    into
        club_member
        (moddate, regdate, from_social, name, password, email) 
    values
        (?, ?, ?, ?, ?, ?)
Hibernate: 
    insert 
    into
        club_member_role_set
        (club_member_email, role_set) 
    values
        (?, ?)
Hibernate: 
    select
        clubmember0_.email as email1_0_0_,
        clubmember0_.moddate as moddate2_0_0_,
        clubmember0_.regdate as regdate3_0_0_,
        clubmember0_.from_social as from_soc4_0_0_,
        clubmember0_.name as name5_0_0_,
        clubmember0_.password as password6_0_0_ 
    from
        club_member clubmember0_ 
    where
        clubmember0_.email=?
Hibernate: 
    insert 
    into
        club_member
        (moddate, regdate, from_social, name, password, email) 
    values
        (?, ?, ?, ?, ?, ?)
Hibernate: 
    insert 
    into
        club_member_role_set
        (club_member_email, role_set) 
    values
        (?, ?)
Hibernate: 
    select
        clubmember0_.email as email1_0_0_,
        clubmember0_.moddate as moddate2_0_0_,
        clubmember0_.regdate as regdate3_0_0_,
        clubmember0_.from_social as from_soc4_0_0_,
        clubmember0_.name as name5_0_0_,
        clubmember0_.password as password6_0_0_ 
    from
        club_member clubmember0_ 
    where
        clubmember0_.email=?
Hibernate: 
    insert 
    into
        club_member
        (moddate, regdate, from_social, name, password, email) 
    values
        (?, ?, ?, ?, ?, ?)
Hibernate: 
    insert 
    into
        club_member_role_set
        (club_member_email, role_set) 
    values
        (?, ?)
Hibernate: 
    select
        clubmember0_.email as email1_0_0_,
        clubmember0_.moddate as moddate2_0_0_,
        clubmember0_.regdate as regdate3_0_0_,
        clubmember0_.from_social as from_soc4_0_0_,
        clubmember0_.name as name5_0_0_,
        clubmember0_.password as password6_0_0_ 
    from
        club_member clubmember0_ 
    where
        clubmember0_.email=?
Hibernate: 
    insert 
    into
        club_member
        (moddate, regdate, from_social, name, password, email) 
    values
        (?, ?, ?, ?, ?, ?)
Hibernate: 
    insert 
    into
        club_member_role_set
        (club_member_email, role_set) 
    values
        (?, ?)
Hibernate: 
    select
        clubmember0_.email as email1_0_0_,
        clubmember0_.moddate as moddate2_0_0_,
        clubmember0_.regdate as regdate3_0_0_,
        clubmember0_.from_social as from_soc4_0_0_,
        clubmember0_.name as name5_0_0_,
        clubmember0_.password as password6_0_0_ 
    from
        club_member clubmember0_ 
    where
        clubmember0_.email=?
Hibernate: 
    insert 
    into
        club_member
        (moddate, regdate, from_social, name, password, email) 
    values
        (?, ?, ?, ?, ?, ?)
Hibernate: 
    insert 
    into
        club_member_role_set
        (club_member_email, role_set) 
    values
        (?, ?)
Hibernate: 
    select
        clubmember0_.email as email1_0_0_,
        clubmember0_.moddate as moddate2_0_0_,
        clubmember0_.regdate as regdate3_0_0_,
        clubmember0_.from_social as from_soc4_0_0_,
        clubmember0_.name as name5_0_0_,
        clubmember0_.password as password6_0_0_ 
    from
        club_member clubmember0_ 
    where
        clubmember0_.email=?
Hibernate: 
    insert 
    into
        club_member
        (moddate, regdate, from_social, name, password, email) 
    values
        (?, ?, ?, ?, ?, ?)
Hibernate: 
    insert 
    into
        club_member_role_set
        (club_member_email, role_set) 
    values
        (?, ?)
Hibernate: 
    select
        clubmember0_.email as email1_0_0_,
        clubmember0_.moddate as moddate2_0_0_,
        clubmember0_.regdate as regdate3_0_0_,
        clubmember0_.from_social as from_soc4_0_0_,
        clubmember0_.name as name5_0_0_,
        clubmember0_.password as password6_0_0_ 
    from
        club_member clubmember0_ 
    where
        clubmember0_.email=?
Hibernate: 
    insert 
    into
        club_member
        (moddate, regdate, from_social, name, password, email) 
    values
        (?, ?, ?, ?, ?, ?)
Hibernate: 
    insert 
    into
        club_member_role_set
        (club_member_email, role_set) 
    values
        (?, ?)
Hibernate: 
    select
        clubmember0_.email as email1_0_0_,
        clubmember0_.moddate as moddate2_0_0_,
        clubmember0_.regdate as regdate3_0_0_,
        clubmember0_.from_social as from_soc4_0_0_,
        clubmember0_.name as name5_0_0_,
        clubmember0_.password as password6_0_0_ 
    from
        club_member clubmember0_ 
    where
        clubmember0_.email=?
Hibernate: 
    insert 
    into
        club_member
        (moddate, regdate, from_social, name, password, email) 
    values
        (?, ?, ?, ?, ?, ?)
Hibernate: 
    insert 
    into
        club_member_role_set
        (club_member_email, role_set) 
    values
        (?, ?)
Hibernate: 
    select
        clubmember0_.email as email1_0_0_,
        clubmember0_.moddate as moddate2_0_0_,
        clubmember0_.regdate as regdate3_0_0_,
        clubmember0_.from_social as from_soc4_0_0_,
        clubmember0_.name as name5_0_0_,
        clubmember0_.password as password6_0_0_ 
    from
        club_member clubmember0_ 
    where
        clubmember0_.email=?
Hibernate: 
    insert 
    into
        club_member
        (moddate, regdate, from_social, name, password, email) 
    values
        (?, ?, ?, ?, ?, ?)
Hibernate: 
    insert 
    into
        club_member_role_set
        (club_member_email, role_set) 
    values
        (?, ?)
Hibernate: 
    select
        clubmember0_.email as email1_0_0_,
        clubmember0_.moddate as moddate2_0_0_,
        clubmember0_.regdate as regdate3_0_0_,
        clubmember0_.from_social as from_soc4_0_0_,
        clubmember0_.name as name5_0_0_,
        clubmember0_.password as password6_0_0_ 
    from
        club_member clubmember0_ 
    where
        clubmember0_.email=?
Hibernate: 
    insert 
    into
        club_member
        (moddate, regdate, from_social, name, password, email) 
    values
        (?, ?, ?, ?, ?, ?)
Hibernate: 
    insert 
    into
        club_member_role_set
        (club_member_email, role_set) 
    values
        (?, ?)
Hibernate: 
    select
        clubmember0_.email as email1_0_0_,
        clubmember0_.moddate as moddate2_0_0_,
        clubmember0_.regdate as regdate3_0_0_,
        clubmember0_.from_social as from_soc4_0_0_,
        clubmember0_.name as name5_0_0_,
        clubmember0_.password as password6_0_0_ 
    from
        club_member clubmember0_ 
    where
        clubmember0_.email=?
Hibernate: 
    insert 
    into
        club_member
        (moddate, regdate, from_social, name, password, email) 
    values
        (?, ?, ?, ?, ?, ?)
Hibernate: 
    insert 
    into
        club_member_role_set
        (club_member_email, role_set) 
    values
        (?, ?)
Hibernate: 
    select
        clubmember0_.email as email1_0_0_,
        clubmember0_.moddate as moddate2_0_0_,
        clubmember0_.regdate as regdate3_0_0_,
        clubmember0_.from_social as from_soc4_0_0_,
        clubmember0_.name as name5_0_0_,
        clubmember0_.password as password6_0_0_ 
    from
        club_member clubmember0_ 
    where
        clubmember0_.email=?
Hibernate: 
    insert 
    into
        club_member
        (moddate, regdate, from_social, name, password, email) 
    values
        (?, ?, ?, ?, ?, ?)
Hibernate: 
    insert 
    into
        club_member_role_set
        (club_member_email, role_set) 
    values
        (?, ?)
Hibernate: 
    select
        clubmember0_.email as email1_0_0_,
        clubmember0_.moddate as moddate2_0_0_,
        clubmember0_.regdate as regdate3_0_0_,
        clubmember0_.from_social as from_soc4_0_0_,
        clubmember0_.name as name5_0_0_,
        clubmember0_.password as password6_0_0_ 
    from
        club_member clubmember0_ 
    where
        clubmember0_.email=?
Hibernate: 
    insert 
    into
        club_member
        (moddate, regdate, from_social, name, password, email) 
    values
        (?, ?, ?, ?, ?, ?)
Hibernate: 
    insert 
    into
        club_member_role_set
        (club_member_email, role_set) 
    values
        (?, ?)
Hibernate: 
    select
        clubmember0_.email as email1_0_0_,
        clubmember0_.moddate as moddate2_0_0_,
        clubmember0_.regdate as regdate3_0_0_,
        clubmember0_.from_social as from_soc4_0_0_,
        clubmember0_.name as name5_0_0_,
        clubmember0_.password as password6_0_0_ 
    from
        club_member clubmember0_ 
    where
        clubmember0_.email=?
Hibernate: 
    insert 
    into
        club_member
        (moddate, regdate, from_social, name, password, email) 
    values
        (?, ?, ?, ?, ?, ?)
Hibernate: 
    insert 
    into
        club_member_role_set
        (club_member_email, role_set) 
    values
        (?, ?)
Hibernate: 
    select
        clubmember0_.email as email1_0_0_,
        clubmember0_.moddate as moddate2_0_0_,
        clubmember0_.regdate as regdate3_0_0_,
        clubmember0_.from_social as from_soc4_0_0_,
        clubmember0_.name as name5_0_0_,
        clubmember0_.password as password6_0_0_ 
    from
        club_member clubmember0_ 
    where
        clubmember0_.email=?
Hibernate: 
    insert 
    into
        club_member
        (moddate, regdate, from_social, name, password, email) 
    values
        (?, ?, ?, ?, ?, ?)
Hibernate: 
    insert 
    into
        club_member_role_set
        (club_member_email, role_set) 
    values
        (?, ?)
Hibernate: 
    select
        clubmember0_.email as email1_0_0_,
        clubmember0_.moddate as moddate2_0_0_,
        clubmember0_.regdate as regdate3_0_0_,
        clubmember0_.from_social as from_soc4_0_0_,
        clubmember0_.name as name5_0_0_,
        clubmember0_.password as password6_0_0_ 
    from
        club_member clubmember0_ 
    where
        clubmember0_.email=?
Hibernate: 
    insert 
    into
        club_member
        (moddate, regdate, from_social, name, password, email) 
    values
        (?, ?, ?, ?, ?, ?)
Hibernate: 
    insert 
    into
        club_member_role_set
        (club_member_email, role_set) 
    values
        (?, ?)
Hibernate: 
    select
        clubmember0_.email as email1_0_0_,
        clubmember0_.moddate as moddate2_0_0_,
        clubmember0_.regdate as regdate3_0_0_,
        clubmember0_.from_social as from_soc4_0_0_,
        clubmember0_.name as name5_0_0_,
        clubmember0_.password as password6_0_0_ 
    from
        club_member clubmember0_ 
    where
        clubmember0_.email=?
Hibernate: 
    insert 
    into
        club_member
        (moddate, regdate, from_social, name, password, email) 
    values
        (?, ?, ?, ?, ?, ?)
Hibernate: 
    insert 
    into
        club_member_role_set
        (club_member_email, role_set) 
    values
        (?, ?)
Hibernate: 
    select
        clubmember0_.email as email1_0_0_,
        clubmember0_.moddate as moddate2_0_0_,
        clubmember0_.regdate as regdate3_0_0_,
        clubmember0_.from_social as from_soc4_0_0_,
        clubmember0_.name as name5_0_0_,
        clubmember0_.password as password6_0_0_ 
    from
        club_member clubmember0_ 
    where
        clubmember0_.email=?
Hibernate: 
    insert 
    into
        club_member
        (moddate, regdate, from_social, name, password, email) 
    values
        (?, ?, ?, ?, ?, ?)
Hibernate: 
    insert 
    into
        club_member_role_set
        (club_member_email, role_set) 
    values
        (?, ?)
Hibernate: 
    select
        clubmember0_.email as email1_0_0_,
        clubmember0_.moddate as moddate2_0_0_,
        clubmember0_.regdate as regdate3_0_0_,
        clubmember0_.from_social as from_soc4_0_0_,
        clubmember0_.name as name5_0_0_,
        clubmember0_.password as password6_0_0_ 
    from
        club_member clubmember0_ 
    where
        clubmember0_.email=?
Hibernate: 
    insert 
    into
        club_member
        (moddate, regdate, from_social, name, password, email) 
    values
        (?, ?, ?, ?, ?, ?)
Hibernate: 
    insert 
    into
        club_member_role_set
        (club_member_email, role_set) 
    values
        (?, ?)
Hibernate: 
    select
        clubmember0_.email as email1_0_0_,
        clubmember0_.moddate as moddate2_0_0_,
        clubmember0_.regdate as regdate3_0_0_,
        clubmember0_.from_social as from_soc4_0_0_,
        clubmember0_.name as name5_0_0_,
        clubmember0_.password as password6_0_0_ 
    from
        club_member clubmember0_ 
    where
        clubmember0_.email=?
Hibernate: 
    insert 
    into
        club_member
        (moddate, regdate, from_social, name, password, email) 
    values
        (?, ?, ?, ?, ?, ?)
Hibernate: 
    insert 
    into
        club_member_role_set
        (club_member_email, role_set) 
    values
        (?, ?)
Hibernate: 
    select
        clubmember0_.email as email1_0_0_,
        clubmember0_.moddate as moddate2_0_0_,
        clubmember0_.regdate as regdate3_0_0_,
        clubmember0_.from_social as from_soc4_0_0_,
        clubmember0_.name as name5_0_0_,
        clubmember0_.password as password6_0_0_ 
    from
        club_member clubmember0_ 
    where
        clubmember0_.email=?
Hibernate: 
    insert 
    into
        club_member
        (moddate, regdate, from_social, name, password, email) 
    values
        (?, ?, ?, ?, ?, ?)
Hibernate: 
    insert 
    into
        club_member_role_set
        (club_member_email, role_set) 
    values
        (?, ?)
Hibernate: 
    select
        clubmember0_.email as email1_0_0_,
        clubmember0_.moddate as moddate2_0_0_,
        clubmember0_.regdate as regdate3_0_0_,
        clubmember0_.from_social as from_soc4_0_0_,
        clubmember0_.name as name5_0_0_,
        clubmember0_.password as password6_0_0_ 
    from
        club_member clubmember0_ 
    where
        clubmember0_.email=?
Hibernate: 
    insert 
    into
        club_member
        (moddate, regdate, from_social, name, password, email) 
    values
        (?, ?, ?, ?, ?, ?)
Hibernate: 
    insert 
    into
        club_member_role_set
        (club_member_email, role_set) 
    values
        (?, ?)
Hibernate: 
    insert 
    into
        club_member_role_set
        (club_member_email, role_set) 
    values
        (?, ?)
Hibernate: 
    select
        clubmember0_.email as email1_0_0_,
        clubmember0_.moddate as moddate2_0_0_,
        clubmember0_.regdate as regdate3_0_0_,
        clubmember0_.from_social as from_soc4_0_0_,
        clubmember0_.name as name5_0_0_,
        clubmember0_.password as password6_0_0_ 
    from
        club_member clubmember0_ 
    where
        clubmember0_.email=?
Hibernate: 
    insert 
    into
        club_member
        (moddate, regdate, from_social, name, password, email) 
    values
        (?, ?, ?, ?, ?, ?)
Hibernate: 
    insert 
    into
        club_member_role_set
        (club_member_email, role_set) 
    values
        (?, ?)
Hibernate: 
    insert 
    into
        club_member_role_set
        (club_member_email, role_set) 
    values
        (?, ?)
Hibernate: 
    select
        clubmember0_.email as email1_0_0_,
        clubmember0_.moddate as moddate2_0_0_,
        clubmember0_.regdate as regdate3_0_0_,
        clubmember0_.from_social as from_soc4_0_0_,
        clubmember0_.name as name5_0_0_,
        clubmember0_.password as password6_0_0_ 
    from
        club_member clubmember0_ 
    where
        clubmember0_.email=?
Hibernate: 
    insert 
    into
        club_member
        (moddate, regdate, from_social, name, password, email) 
    values
        (?, ?, ?, ?, ?, ?)
Hibernate: 
    insert 
    into
        club_member_role_set
        (club_member_email, role_set) 
    values
        (?, ?)
Hibernate: 
    insert 
    into
        club_member_role_set
        (club_member_email, role_set) 
    values
        (?, ?)
Hibernate: 
    select
        clubmember0_.email as email1_0_0_,
        clubmember0_.moddate as moddate2_0_0_,
        clubmember0_.regdate as regdate3_0_0_,
        clubmember0_.from_social as from_soc4_0_0_,
        clubmember0_.name as name5_0_0_,
        clubmember0_.password as password6_0_0_ 
    from
        club_member clubmember0_ 
    where
        clubmember0_.email=?
Hibernate: 
    insert 
    into
        club_member
        (moddate, regdate, from_social, name, password, email) 
    values
        (?, ?, ?, ?, ?, ?)
Hibernate: 
    insert 
    into
        club_member_role_set
        (club_member_email, role_set) 
    values
        (?, ?)
Hibernate: 
    insert 
    into
        club_member_role_set
        (club_member_email, role_set) 
    values
        (?, ?)
Hibernate: 
    select
        clubmember0_.email as email1_0_0_,
        clubmember0_.moddate as moddate2_0_0_,
        clubmember0_.regdate as regdate3_0_0_,
        clubmember0_.from_social as from_soc4_0_0_,
        clubmember0_.name as name5_0_0_,
        clubmember0_.password as password6_0_0_ 
    from
        club_member clubmember0_ 
    where
        clubmember0_.email=?
Hibernate: 
    insert 
    into
        club_member
        (moddate, regdate, from_social, name, password, email) 
    values
        (?, ?, ?, ?, ?, ?)
Hibernate: 
    insert 
    into
        club_member_role_set
        (club_member_email, role_set) 
    values
        (?, ?)
Hibernate: 
    insert 
    into
        club_member_role_set
        (club_member_email, role_set) 
    values
        (?, ?)
Hibernate: 
    select
        clubmember0_.email as email1_0_0_,
        clubmember0_.moddate as moddate2_0_0_,
        clubmember0_.regdate as regdate3_0_0_,
        clubmember0_.from_social as from_soc4_0_0_,
        clubmember0_.name as name5_0_0_,
        clubmember0_.password as password6_0_0_ 
    from
        club_member clubmember0_ 
    where
        clubmember0_.email=?
Hibernate: 
    insert 
    into
        club_member
        (moddate, regdate, from_social, name, password, email) 
    values
        (?, ?, ?, ?, ?, ?)
Hibernate: 
    insert 
    into
        club_member_role_set
        (club_member_email, role_set) 
    values
        (?, ?)
Hibernate: 
    insert 
    into
        club_member_role_set
        (club_member_email, role_set) 
    values
        (?, ?)
Hibernate: 
    select
        clubmember0_.email as email1_0_0_,
        clubmember0_.moddate as moddate2_0_0_,
        clubmember0_.regdate as regdate3_0_0_,
        clubmember0_.from_social as from_soc4_0_0_,
        clubmember0_.name as name5_0_0_,
        clubmember0_.password as password6_0_0_ 
    from
        club_member clubmember0_ 
    where
        clubmember0_.email=?
Hibernate: 
    insert 
    into
        club_member
        (moddate, regdate, from_social, name, password, email) 
    values
        (?, ?, ?, ?, ?, ?)
Hibernate: 
    insert 
    into
        club_member_role_set
        (club_member_email, role_set) 
    values
        (?, ?)
Hibernate: 
    insert 
    into
        club_member_role_set
        (club_member_email, role_set) 
    values
        (?, ?)
Hibernate: 
    select
        clubmember0_.email as email1_0_0_,
        clubmember0_.moddate as moddate2_0_0_,
        clubmember0_.regdate as regdate3_0_0_,
        clubmember0_.from_social as from_soc4_0_0_,
        clubmember0_.name as name5_0_0_,
        clubmember0_.password as password6_0_0_ 
    from
        club_member clubmember0_ 
    where
        clubmember0_.email=?
Hibernate: 
    insert 
    into
        club_member
        (moddate, regdate, from_social, name, password, email) 
    values
        (?, ?, ?, ?, ?, ?)
Hibernate: 
    insert 
    into
        club_member_role_set
        (club_member_email, role_set) 
    values
        (?, ?)
Hibernate: 
    insert 
    into
        club_member_role_set
        (club_member_email, role_set) 
    values
        (?, ?)
Hibernate: 
    select
        clubmember0_.email as email1_0_0_,
        clubmember0_.moddate as moddate2_0_0_,
        clubmember0_.regdate as regdate3_0_0_,
        clubmember0_.from_social as from_soc4_0_0_,
        clubmember0_.name as name5_0_0_,
        clubmember0_.password as password6_0_0_ 
    from
        club_member clubmember0_ 
    where
        clubmember0_.email=?
Hibernate: 
    insert 
    into
        club_member
        (moddate, regdate, from_social, name, password, email) 
    values
        (?, ?, ?, ?, ?, ?)
Hibernate: 
    insert 
    into
        club_member_role_set
        (club_member_email, role_set) 
    values
        (?, ?)
Hibernate: 
    insert 
    into
        club_member_role_set
        (club_member_email, role_set) 
    values
        (?, ?)
Hibernate: 
    select
        clubmember0_.email as email1_0_0_,
        clubmember0_.moddate as moddate2_0_0_,
        clubmember0_.regdate as regdate3_0_0_,
        clubmember0_.from_social as from_soc4_0_0_,
        clubmember0_.name as name5_0_0_,
        clubmember0_.password as password6_0_0_ 
    from
        club_member clubmember0_ 
    where
        clubmember0_.email=?
Hibernate: 
    insert 
    into
        club_member
        (moddate, regdate, from_social, name, password, email) 
    values
        (?, ?, ?, ?, ?, ?)
Hibernate: 
    insert 
    into
        club_member_role_set
        (club_member_email, role_set) 
    values
        (?, ?)
Hibernate: 
    insert 
    into
        club_member_role_set
        (club_member_email, role_set) 
    values
        (?, ?)
Hibernate: 
    select
        clubmember0_.email as email1_0_0_,
        clubmember0_.moddate as moddate2_0_0_,
        clubmember0_.regdate as regdate3_0_0_,
        clubmember0_.from_social as from_soc4_0_0_,
        clubmember0_.name as name5_0_0_,
        clubmember0_.password as password6_0_0_ 
    from
        club_member clubmember0_ 
    where
        clubmember0_.email=?
Hibernate: 
    insert 
    into
        club_member
        (moddate, regdate, from_social, name, password, email) 
    values
        (?, ?, ?, ?, ?, ?)
Hibernate: 
    insert 
    into
        club_member_role_set
        (club_member_email, role_set) 
    values
        (?, ?)
Hibernate: 
    insert 
    into
        club_member_role_set
        (club_member_email, role_set) 
    values
        (?, ?)
Hibernate: 
    insert 
    into
        club_member_role_set
        (club_member_email, role_set) 
    values
        (?, ?)
Hibernate: 
    select
        clubmember0_.email as email1_0_0_,
        clubmember0_.moddate as moddate2_0_0_,
        clubmember0_.regdate as regdate3_0_0_,
        clubmember0_.from_social as from_soc4_0_0_,
        clubmember0_.name as name5_0_0_,
        clubmember0_.password as password6_0_0_ 
    from
        club_member clubmember0_ 
    where
        clubmember0_.email=?
Hibernate: 
    insert 
    into
        club_member
        (moddate, regdate, from_social, name, password, email) 
    values
        (?, ?, ?, ?, ?, ?)
Hibernate: 
    insert 
    into
        club_member_role_set
        (club_member_email, role_set) 
    values
        (?, ?)
Hibernate: 
    insert 
    into
        club_member_role_set
        (club_member_email, role_set) 
    values
        (?, ?)
Hibernate: 
    insert 
    into
        club_member_role_set
        (club_member_email, role_set) 
    values
        (?, ?)
Hibernate: 
    select
        clubmember0_.email as email1_0_0_,
        clubmember0_.moddate as moddate2_0_0_,
        clubmember0_.regdate as regdate3_0_0_,
        clubmember0_.from_social as from_soc4_0_0_,
        clubmember0_.name as name5_0_0_,
        clubmember0_.password as password6_0_0_ 
    from
        club_member clubmember0_ 
    where
        clubmember0_.email=?
Hibernate: 
    insert 
    into
        club_member
        (moddate, regdate, from_social, name, password, email) 
    values
        (?, ?, ?, ?, ?, ?)
Hibernate: 
    insert 
    into
        club_member_role_set
        (club_member_email, role_set) 
    values
        (?, ?)
Hibernate: 
    insert 
    into
        club_member_role_set
        (club_member_email, role_set) 
    values
        (?, ?)
Hibernate: 
    insert 
    into
        club_member_role_set
        (club_member_email, role_set) 
    values
        (?, ?)
Hibernate: 
    select
        clubmember0_.email as email1_0_0_,
        clubmember0_.moddate as moddate2_0_0_,
        clubmember0_.regdate as regdate3_0_0_,
        clubmember0_.from_social as from_soc4_0_0_,
        clubmember0_.name as name5_0_0_,
        clubmember0_.password as password6_0_0_ 
    from
        club_member clubmember0_ 
    where
        clubmember0_.email=?
Hibernate: 
    insert 
    into
        club_member
        (moddate, regdate, from_social, name, password, email) 
    values
        (?, ?, ?, ?, ?, ?)
Hibernate: 
    insert 
    into
        club_member_role_set
        (club_member_email, role_set) 
    values
        (?, ?)
Hibernate: 
    insert 
    into
        club_member_role_set
        (club_member_email, role_set) 
    values
        (?, ?)
Hibernate: 
    insert 
    into
        club_member_role_set
        (club_member_email, role_set) 
    values
        (?, ?)
Hibernate: 
    select
        clubmember0_.email as email1_0_0_,
        clubmember0_.moddate as moddate2_0_0_,
        clubmember0_.regdate as regdate3_0_0_,
        clubmember0_.from_social as from_soc4_0_0_,
        clubmember0_.name as name5_0_0_,
        clubmember0_.password as password6_0_0_ 
    from
        club_member clubmember0_ 
    where
        clubmember0_.email=?
Hibernate: 
    insert 
    into
        club_member
        (moddate, regdate, from_social, name, password, email) 
    values
        (?, ?, ?, ?, ?, ?)
Hibernate: 
    insert 
    into
        club_member_role_set
        (club_member_email, role_set) 
    values
        (?, ?)
Hibernate: 
    insert 
    into
        club_member_role_set
        (club_member_email, role_set) 
    values
        (?, ?)
Hibernate: 
    insert 
    into
        club_member_role_set
        (club_member_email, role_set) 
    values
        (?, ?)
Hibernate: 
    select
        clubmember0_.email as email1_0_0_,
        clubmember0_.moddate as moddate2_0_0_,
        clubmember0_.regdate as regdate3_0_0_,
        clubmember0_.from_social as from_soc4_0_0_,
        clubmember0_.name as name5_0_0_,
        clubmember0_.password as password6_0_0_ 
    from
        club_member clubmember0_ 
    where
        clubmember0_.email=?
Hibernate: 
    insert 
    into
        club_member
        (moddate, regdate, from_social, name, password, email) 
    values
        (?, ?, ?, ?, ?, ?)
Hibernate: 
    insert 
    into
        club_member_role_set
        (club_member_email, role_set) 
    values
        (?, ?)
Hibernate: 
    insert 
    into
        club_member_role_set
        (club_member_email, role_set) 
    values
        (?, ?)
Hibernate: 
    insert 
    into
        club_member_role_set
        (club_member_email, role_set) 
    values
        (?, ?)
Hibernate: 
    select
        clubmember0_.email as email1_0_0_,
        clubmember0_.moddate as moddate2_0_0_,
        clubmember0_.regdate as regdate3_0_0_,
        clubmember0_.from_social as from_soc4_0_0_,
        clubmember0_.name as name5_0_0_,
        clubmember0_.password as password6_0_0_ 
    from
        club_member clubmember0_ 
    where
        clubmember0_.email=?
Hibernate: 
    insert 
    into
        club_member
        (moddate, regdate, from_social, name, password, email) 
    values
        (?, ?, ?, ?, ?, ?)
Hibernate: 
    insert 
    into
        club_member_role_set
        (club_member_email, role_set) 
    values
        (?, ?)
Hibernate: 
    insert 
    into
        club_member_role_set
        (club_member_email, role_set) 
    values
        (?, ?)
Hibernate: 
    insert 
    into
        club_member_role_set
        (club_member_email, role_set) 
    values
        (?, ?)
Hibernate: 
    select
        clubmember0_.email as email1_0_0_,
        clubmember0_.moddate as moddate2_0_0_,
        clubmember0_.regdate as regdate3_0_0_,
        clubmember0_.from_social as from_soc4_0_0_,
        clubmember0_.name as name5_0_0_,
        clubmember0_.password as password6_0_0_ 
    from
        club_member clubmember0_ 
    where
        clubmember0_.email=?
Hibernate: 
    insert 
    into
        club_member
        (moddate, regdate, from_social, name, password, email) 
    values
        (?, ?, ?, ?, ?, ?)
Hibernate: 
    insert 
    into
        club_member_role_set
        (club_member_email, role_set) 
    values
        (?, ?)
Hibernate: 
    insert 
    into
        club_member_role_set
        (club_member_email, role_set) 
    values
        (?, ?)
Hibernate: 
    insert 
    into
        club_member_role_set
        (club_member_email, role_set) 
    values
        (?, ?)
Hibernate: 
    select
        clubmember0_.email as email1_0_0_,
        clubmember0_.moddate as moddate2_0_0_,
        clubmember0_.regdate as regdate3_0_0_,
        clubmember0_.from_social as from_soc4_0_0_,
        clubmember0_.name as name5_0_0_,
        clubmember0_.password as password6_0_0_ 
    from
        club_member clubmember0_ 
    where
        clubmember0_.email=?
Hibernate: 
    insert 
    into
        club_member
        (moddate, regdate, from_social, name, password, email) 
    values
        (?, ?, ?, ?, ?, ?)
Hibernate: 
    insert 
    into
        club_member_role_set
        (club_member_email, role_set) 
    values
        (?, ?)
Hibernate: 
    insert 
    into
        club_member_role_set
        (club_member_email, role_set) 
    values
        (?, ?)
Hibernate: 
    insert 
    into
        club_member_role_set
        (club_member_email, role_set) 
    values
        (?, ?)
Hibernate: 
    select
        clubmember0_.email as email1_0_0_,
        clubmember0_.moddate as moddate2_0_0_,
        clubmember0_.regdate as regdate3_0_0_,
        clubmember0_.from_social as from_soc4_0_0_,
        clubmember0_.name as name5_0_0_,
        clubmember0_.password as password6_0_0_ 
    from
        club_member clubmember0_ 
    where
        clubmember0_.email=?
Hibernate: 
    insert 
    into
        club_member
        (moddate, regdate, from_social, name, password, email) 
    values
        (?, ?, ?, ?, ?, ?)
Hibernate: 
    insert 
    into
        club_member_role_set
        (club_member_email, role_set) 
    values
        (?, ?)
Hibernate: 
    insert 
    into
        club_member_role_set
        (club_member_email, role_set) 
    values
        (?, ?)
Hibernate: 
    insert 
    into
        club_member_role_set
        (club_member_email, role_set) 
    values
        (?, ?)
]]></system-out>
  <system-err><![CDATA[]]></system-err>
</testsuite>
