<?xml version="1.0" encoding="UTF-8"?>
<testsuite name="org.zerock.board.service.BoardServiceTests" tests="1" skipped="0" failures="0" errors="0" timestamp="2020-12-29T14:20:42" hostname="DESKTOP-6H3A898" time="0.625">
  <properties/>
  <testcase name="testList()" classname="org.zerock.board.service.BoardServiceTests" time="0.625"/>
  <system-out><![CDATA[23:20:26.634 [Test worker] DEBUG org.springframework.test.context.BootstrapUtils - Instantiating CacheAwareContextLoaderDelegate from class [org.springframework.test.context.cache.DefaultCacheAwareContextLoaderDelegate]
23:20:26.704 [Test worker] DEBUG org.springframework.test.context.BootstrapUtils - Instantiating BootstrapContext using constructor [public org.springframework.test.context.support.DefaultBootstrapContext(java.lang.Class,org.springframework.test.context.CacheAwareContextLoaderDelegate)]
23:20:26.869 [Test worker] DEBUG org.springframework.test.context.BootstrapUtils - Instantiating TestContextBootstrapper for test class [org.zerock.board.service.BoardServiceTests] from class [org.springframework.boot.test.context.SpringBootTestContextBootstrapper]
23:20:26.952 [Test worker] INFO org.springframework.boot.test.context.SpringBootTestContextBootstrapper - Neither @ContextConfiguration nor @ContextHierarchy found for test class [org.zerock.board.service.BoardServiceTests], using SpringBootContextLoader
23:20:26.978 [Test worker] DEBUG org.springframework.test.context.support.AbstractContextLoader - Did not detect default resource location for test class [org.zerock.board.service.BoardServiceTests]: class path resource [org/zerock/board/service/BoardServiceTests-context.xml] does not exist
23:20:26.981 [Test worker] DEBUG org.springframework.test.context.support.AbstractContextLoader - Did not detect default resource location for test class [org.zerock.board.service.BoardServiceTests]: class path resource [org/zerock/board/service/BoardServiceTestsContext.groovy] does not exist
23:20:26.982 [Test worker] INFO org.springframework.test.context.support.AbstractContextLoader - Could not detect default resource locations for test class [org.zerock.board.service.BoardServiceTests]: no resource found for suffixes {-context.xml, Context.groovy}.
23:20:26.987 [Test worker] INFO org.springframework.test.context.support.AnnotationConfigContextLoaderUtils - Could not detect default configuration classes for test class [org.zerock.board.service.BoardServiceTests]: BoardServiceTests does not declare any static, non-private, non-final, nested classes annotated with @Configuration.
23:20:27.159 [Test worker] DEBUG org.springframework.test.context.support.ActiveProfilesUtils - Could not find an 'annotation declaring class' for annotation type [org.springframework.test.context.ActiveProfiles] and class [org.zerock.board.service.BoardServiceTests]
23:20:27.444 [Test worker] DEBUG org.springframework.context.annotation.ClassPathScanningCandidateComponentProvider - Identified candidate component class: file [C:\Users\pc\Downloads\board\board\build\classes\java\main\org\zerock\board\BoardApplication.class]
23:20:27.450 [Test worker] INFO org.springframework.boot.test.context.SpringBootTestContextBootstrapper - Found @SpringBootConfiguration org.zerock.board.BoardApplication for test class org.zerock.board.service.BoardServiceTests
23:20:27.939 [Test worker] DEBUG org.springframework.boot.test.context.SpringBootTestContextBootstrapper - @TestExecutionListeners is not present for class [org.zerock.board.service.BoardServiceTests]: using defaults.
23:20:27.945 [Test worker] INFO org.springframework.boot.test.context.SpringBootTestContextBootstrapper - Loaded default TestExecutionListener class names from location [META-INF/spring.factories]: [org.springframework.boot.test.autoconfigure.restdocs.RestDocsTestExecutionListener, org.springframework.boot.test.autoconfigure.web.client.MockRestServiceServerResetTestExecutionListener, org.springframework.boot.test.autoconfigure.web.servlet.MockMvcPrintOnlyOnFailureTestExecutionListener, org.springframework.boot.test.autoconfigure.web.servlet.WebDriverTestExecutionListener, org.springframework.boot.test.autoconfigure.webservices.client.MockWebServiceServerTestExecutionListener, org.springframework.boot.test.mock.mockito.MockitoTestExecutionListener, org.springframework.boot.test.mock.mockito.ResetMocksTestExecutionListener, org.springframework.test.context.web.ServletTestExecutionListener, org.springframework.test.context.support.DirtiesContextBeforeModesTestExecutionListener, org.springframework.test.context.support.DependencyInjectionTestExecutionListener, org.springframework.test.context.support.DirtiesContextTestExecutionListener, org.springframework.test.context.transaction.TransactionalTestExecutionListener, org.springframework.test.context.jdbc.SqlScriptsTestExecutionListener, org.springframework.test.context.event.EventPublishingTestExecutionListener]
23:20:28.034 [Test worker] INFO org.springframework.boot.test.context.SpringBootTestContextBootstrapper - Using TestExecutionListeners: [org.springframework.test.context.web.ServletTestExecutionListener@4de17db4, org.springframework.test.context.support.DirtiesContextBeforeModesTestExecutionListener@5538bf7, org.springframework.boot.test.mock.mockito.MockitoTestExecutionListener@169e70aa, org.springframework.boot.test.autoconfigure.SpringBootDependencyInjectionTestExecutionListener@15b66ba8, org.springframework.test.context.support.DirtiesContextTestExecutionListener@537ca877, org.springframework.test.context.transaction.TransactionalTestExecutionListener@4a699ddc, org.springframework.test.context.jdbc.SqlScriptsTestExecutionListener@2f17af1b, org.springframework.test.context.event.EventPublishingTestExecutionListener@9da6a7a, org.springframework.boot.test.autoconfigure.restdocs.RestDocsTestExecutionListener@3f534426, org.springframework.boot.test.autoconfigure.web.client.MockRestServiceServerResetTestExecutionListener@39d2a96d, org.springframework.boot.test.autoconfigure.web.servlet.MockMvcPrintOnlyOnFailureTestExecutionListener@2b2fa63b, org.springframework.boot.test.autoconfigure.web.servlet.WebDriverTestExecutionListener@717c909e, org.springframework.boot.test.autoconfigure.webservices.client.MockWebServiceServerTestExecutionListener@542b88e3, org.springframework.boot.test.mock.mockito.ResetMocksTestExecutionListener@789ecaca]
23:20:28.044 [Test worker] DEBUG org.springframework.test.context.support.AbstractDirtiesContextTestExecutionListener - Before test class: context [DefaultTestContext@480c34b8 testClass = BoardServiceTests, testInstance = [null], testMethod = [null], testException = [null], mergedContextConfiguration = [WebMergedContextConfiguration@90dd291 testClass = BoardServiceTests, locations = '{}', classes = '{class org.zerock.board.BoardApplication}', contextInitializerClasses = '[]', activeProfiles = '{}', propertySourceLocations = '{}', propertySourceProperties = '{org.springframework.boot.test.context.SpringBootTestContextBootstrapper=true}', contextCustomizers = set[org.springframework.boot.test.autoconfigure.actuate.metrics.MetricsExportContextCustomizerFactory$DisableMetricExportContextCustomizer@55903939, org.springframework.boot.test.autoconfigure.properties.PropertyMappingContextCustomizer@0, org.springframework.boot.test.autoconfigure.web.servlet.WebDriverContextCustomizerFactory$Customizer@4b08a1ea, org.springframework.boot.test.context.filter.ExcludeFilterContextCustomizer@46918685, org.springframework.boot.test.json.DuplicateJsonObjectContextCustomizerFactory$DuplicateJsonObjectContextCustomizer@38b8b973, org.springframework.boot.test.mock.mockito.MockitoContextCustomizer@0, org.springframework.boot.test.web.client.TestRestTemplateContextCustomizer@3467ba09, org.springframework.boot.test.context.SpringBootTestArgs@1, org.springframework.boot.test.context.SpringBootTestWebEnvironment@1099cccc], resourceBasePath = 'src/main/webapp', contextLoader = 'org.springframework.boot.test.context.SpringBootContextLoader', parent = [null]], attributes = map['org.springframework.test.context.web.ServletTestExecutionListener.activateListener' -> true]], class annotated with @DirtiesContext [false] with mode [null].
23:20:28.177 [Test worker] DEBUG org.springframework.test.context.support.TestPropertySourceUtils - Adding inlined properties to environment: {spring.jmx.enabled=false, org.springframework.boot.test.context.SpringBootTestContextBootstrapper=true}

  .   ____          _            __ _ _
 /\\ / ___'_ __ _ _(_)_ __  __ _ \ \ \ \
( ( )\___ | '_ | '_| | '_ \/ _` | \ \ \ \
 \\/  ___)| |_)| | | | | || (_| |  ) ) ) )
  '  |____| .__|_| |_|_| |_\__, | / / / /
 =========|_|==============|___/=/_/_/_/
 :: Spring Boot ::                (v2.4.1)

2020-12-29 23:20:29.348  INFO 29740 --- [    Test worker] o.z.board.service.BoardServiceTests      : Starting BoardServiceTests using Java 14.0.1 on DESKTOP-6H3A898 with PID 29740 (started by pc in C:\Users\pc\Downloads\board\board)
2020-12-29 23:20:29.356  INFO 29740 --- [    Test worker] o.z.board.service.BoardServiceTests      : No active profile set, falling back to default profiles: default
2020-12-29 23:20:32.137  INFO 29740 --- [    Test worker] .s.d.r.c.RepositoryConfigurationDelegate : Bootstrapping Spring Data JPA repositories in DEFAULT mode.
2020-12-29 23:20:32.367  INFO 29740 --- [    Test worker] .s.d.r.c.RepositoryConfigurationDelegate : Finished Spring Data repository scanning in 205 ms. Found 3 JPA repository interfaces.
2020-12-29 23:20:35.187  INFO 29740 --- [    Test worker] o.hibernate.jpa.internal.util.LogHelper  : HHH000204: Processing PersistenceUnitInfo [name: default]
2020-12-29 23:20:35.342  INFO 29740 --- [    Test worker] org.hibernate.Version                    : HHH000412: Hibernate ORM core version 5.4.25.Final
2020-12-29 23:20:35.919  INFO 29740 --- [    Test worker] o.hibernate.annotations.common.Version   : HCANN000001: Hibernate Commons Annotations {5.1.2.Final}
2020-12-29 23:20:36.481  INFO 29740 --- [    Test worker] com.zaxxer.hikari.HikariDataSource       : HikariPool-1 - Starting...
2020-12-29 23:20:36.767  INFO 29740 --- [    Test worker] com.zaxxer.hikari.HikariDataSource       : HikariPool-1 - Start completed.
2020-12-29 23:20:36.863  INFO 29740 --- [    Test worker] org.hibernate.dialect.Dialect            : HHH000400: Using dialect: org.hibernate.dialect.MariaDB103Dialect
2020-12-29 23:20:38.764  INFO 29740 --- [    Test worker] o.h.e.t.j.p.i.JtaPlatformInitiator       : HHH000490: Using JtaPlatform implementation: [org.hibernate.engine.transaction.jta.platform.internal.NoJtaPlatform]
2020-12-29 23:20:38.792  INFO 29740 --- [    Test worker] j.LocalContainerEntityManagerFactoryBean : Initialized JPA EntityManagerFactory for persistence unit 'default'
2020-12-29 23:20:40.595  WARN 29740 --- [    Test worker] JpaBaseConfiguration$JpaWebConfiguration : spring.jpa.open-in-view is enabled by default. Therefore, database queries may be performed during view rendering. Explicitly configure spring.jpa.open-in-view to disable this warning
2020-12-29 23:20:41.174  INFO 29740 --- [    Test worker] o.s.s.concurrent.ThreadPoolTaskExecutor  : Initializing ExecutorService 'applicationTaskExecutor'
2020-12-29 23:20:42.410  INFO 29740 --- [    Test worker] o.z.board.service.BoardServiceTests      : Started BoardServiceTests in 14.186 seconds (JVM running for 18.705)
2020-12-29 23:20:42.866  INFO 29740 --- [    Test worker] o.zerock.board.service.BoardServiceImpl  : PageRequestDTO(page=1, size=10, type=null, keyword=null)
Hibernate: 
    select
        board0_.bno as col_0_0_,
        member1_.email as col_1_0_,
        count(reply2_.rno) as col_2_0_,
        board0_.bno as bno1_0_0_,
        member1_.email as email1_1_1_,
        board0_.mod_date as mod_date2_0_0_,
        board0_.regdate as regdate3_0_0_,
        board0_.content as content4_0_0_,
        board0_.title as title5_0_0_,
        board0_.writer_email as writer_e6_0_0_,
        member1_.mod_date as mod_date2_1_1_,
        member1_.regdate as regdate3_1_1_,
        member1_.name as name4_1_1_,
        member1_.password as password5_1_1_ 
    from
        board board0_ 
    left outer join
        member member1_ 
            on board0_.writer_email=member1_.email 
    left outer join
        reply reply2_ 
            on (
                reply2_.board_bno=board0_.bno
            ) 
    group by
        board0_.bno 
    order by
        board0_.bno desc limit ?
Hibernate: 
    select
        count(board0_.bno) as col_0_0_ 
    from
        board board0_
BoardDTO(bno=201, title=Test., content=Test..., writerEmail=user55@aaa.com, writerName=USER55, regDate=2020-12-29T18:25:38.322530, modDate=2020-12-29T18:25:38.322530, replyCount=0)
BoardDTO(bno=200, title=Title...100, content=Content....100, writerEmail=user100@aaa.com, writerName=USER100, regDate=2020-12-28T03:25:31.132656, modDate=2020-12-28T03:25:31.132656, replyCount=0)
BoardDTO(bno=199, title=Title...99, content=Content....99, writerEmail=user99@aaa.com, writerName=USER99, regDate=2020-12-28T03:25:31.126650, modDate=2020-12-28T03:25:31.126650, replyCount=0)
BoardDTO(bno=198, title=Title...98, content=Content....98, writerEmail=user98@aaa.com, writerName=USER98, regDate=2020-12-28T03:25:31.119652, modDate=2020-12-28T03:25:31.119652, replyCount=0)
BoardDTO(bno=197, title=Title...97, content=Content....97, writerEmail=user97@aaa.com, writerName=USER97, regDate=2020-12-28T03:25:31.113649, modDate=2020-12-28T03:25:31.113649, replyCount=0)
BoardDTO(bno=196, title=Title...96, content=Content....96, writerEmail=user96@aaa.com, writerName=USER96, regDate=2020-12-28T03:25:31.107649, modDate=2020-12-28T03:25:31.107649, replyCount=0)
BoardDTO(bno=195, title=Title...95, content=Content....95, writerEmail=user95@aaa.com, writerName=USER95, regDate=2020-12-28T03:25:31.101649, modDate=2020-12-28T03:25:31.101649, replyCount=0)
BoardDTO(bno=194, title=Title...94, content=Content....94, writerEmail=user94@aaa.com, writerName=USER94, regDate=2020-12-28T03:25:31.095649, modDate=2020-12-28T03:25:31.095649, replyCount=0)
BoardDTO(bno=193, title=Title...93, content=Content....93, writerEmail=user93@aaa.com, writerName=USER93, regDate=2020-12-28T03:25:31.089651, modDate=2020-12-28T03:25:31.089651, replyCount=0)
BoardDTO(bno=192, title=Title...92, content=Content....92, writerEmail=user92@aaa.com, writerName=USER92, regDate=2020-12-28T03:25:31.083647, modDate=2020-12-28T03:25:31.083647, replyCount=0)
]]></system-out>
  <system-err><![CDATA[]]></system-err>
</testsuite>
